find: ‘/etc/chatscripts’: Permission denied
find: ‘/etc/cni/net.d’: Permission denied
find: ‘/etc/ssl/private’: Permission denied
find: ‘/etc/polkit-1/rules.d’: Permission denied
find: ‘/etc/cups/ssl’: Permission denied
find: ‘/etc/ppp/peers’: Permission denied
find: ‘/snap/core20/2496/etc/ssl/private’: Permission denied
find: ‘/snap/core20/2496/root’: Permission denied
find: ‘/snap/core20/2496/var/cache/ldconfig’: Permission denied
find: ‘/snap/core20/2496/var/cache/private’: Permission denied
find: ‘/snap/core20/2496/var/lib/private’: Permission denied
find: ‘/snap/core20/2496/var/lib/snapd/void’: Permission denied
find: ‘/snap/snapd/23545/var/lib/snapd/void’: Permission denied
find: ‘/snap/core22/1748/etc/polkit-1/localauthority’: Permission denied
find: ‘/snap/core22/1748/etc/ssl/private’: Permission denied
find: ‘/snap/core22/1748/root’: Permission denied
find: ‘/snap/core22/1748/var/cache/ldconfig’: Permission denied
find: ‘/snap/core22/1748/var/cache/private’: Permission denied
find: ‘/snap/core22/1748/var/lib/polkit-1’: Permission denied
find: ‘/snap/core22/1748/var/lib/private’: Permission denied
find: ‘/snap/core22/1748/var/lib/snapd/void’: Permission denied
find: ‘/.cache’: Permission denied
find: ‘/tmp/systemd-private-321b13dd95ba424392244d8633e4253b-ModemManager.service-RsWM4C’: Permission denied
find: ‘/tmp/systemd-private-321b13dd95ba424392244d8633e4253b-colord.service-21Rv5f’: Permission denied
find: ‘/tmp/systemd-private-321b13dd95ba424392244d8633e4253b-systemd-timesyncd.service-YgIlSZ’: Permission denied
find: ‘/tmp/systemd-private-321b13dd95ba424392244d8633e4253b-power-profiles-daemon.service-VCCmHA’: Permission denied
find: ‘/tmp/systemd-private-321b13dd95ba424392244d8633e4253b-switcheroo-control.service-E0yV93’: Permission denied
find: ‘/tmp/systemd-private-321b13dd95ba424392244d8633e4253b-upower.service-BGBpXl’: Permission denied
find: ‘/tmp/snap-private-tmp’: Permission denied
find: ‘/tmp/systemd-private-321b13dd95ba424392244d8633e4253b-systemd-logind.service-OfiK4R’: Permission denied
find: ‘/tmp/systemd-private-321b13dd95ba424392244d8633e4253b-low-memory-monitor.service-tcHrs5’: Permission denied
find: ‘/tmp/tracker-extract-3-files.112’: Permission denied
find: ‘/run/snapd’: Permission denied
find: ‘/run/docker’: Permission denied
find: ‘/run/containerd’: Permission denied
find: ‘/run/gdm3’: Permission denied
find: ‘/run/udisks2’: Permission denied
find: ‘/run/wpa_supplicant’: Permission denied
find: ‘/run/cups/certs’: Permission denied
find: ‘/run/user/1000/systemd/inaccessible/dir’: Permission denied
find: ‘/run/sudo’: Permission denied
find: ‘/run/speech-dispatcher’: Permission denied
find: ‘/run/credentials/systemd-tmpfiles-setup.service’: Permission denied
find: ‘/run/credentials/systemd-sysctl.service’: Permission denied
find: ‘/run/credentials/systemd-tmpfiles-setup-dev.service’: Permission denied
find: ‘/run/credentials/systemd-sysusers.service’: Permission denied
find: ‘/run/systemd/propagate’: Permission denied
find: ‘/run/systemd/unit-root’: Permission denied
find: ‘/run/systemd/inaccessible/dir’: Permission denied
find: ‘/run/initramfs’: Permission denied
find: ‘/var/cache/apt/archives/partial’: Permission denied
find: ‘/var/cache/ldconfig’: Permission denied
find: ‘/var/cache/apparmor/201d1af9.0’: Permission denied
find: ‘/var/cache/cups’: Permission denied
find: ‘/var/cache/private’: Permission denied
find: ‘/var/log/speech-dispatcher’: Permission denied
find: ‘/var/log/gdm3’: Permission denied
find: ‘/var/log/private’: Permission denied
find: ‘/var/tmp/systemd-private-321b13dd95ba424392244d8633e4253b-colord.service-IOVKfn’: Permission denied
find: ‘/var/tmp/systemd-private-321b13dd95ba424392244d8633e4253b-switcheroo-control.service-fK9kpV’: Permission denied
find: ‘/var/tmp/systemd-private-321b13dd95ba424392244d8633e4253b-upower.service-9PdWNF’: Permission denied
find: ‘/var/tmp/systemd-private-321b13dd95ba424392244d8633e4253b-systemd-timesyncd.service-nNb0iw’: Permission denied
find: ‘/var/tmp/systemd-private-321b13dd95ba424392244d8633e4253b-low-memory-monitor.service-xJYs4M’: Permission denied
find: ‘/var/tmp/systemd-private-321b13dd95ba424392244d8633e4253b-power-profiles-daemon.service-CvdysP’: Permission denied
find: ‘/var/tmp/systemd-private-321b13dd95ba424392244d8633e4253b-ModemManager.service-iVX4V8’: Permission denied
find: ‘/var/tmp/systemd-private-321b13dd95ba424392244d8633e4253b-systemd-logind.service-F9gGvM’: Permission denied
find: ‘/var/lib/NetworkManager’: Permission denied
find: ‘/var/lib/AccountsService/users’: Permission denied
find: ‘/var/lib/containerd’: Permission denied
find: ‘/var/lib/apt/lists/partial’: Permission denied
find: ‘/var/lib/fwupd/gnupg’: Permission denied
find: ‘/var/lib/snapd/cookie’: Permission denied
find: ‘/var/lib/snapd/cache’: Permission denied
find: ‘/var/lib/snapd/void’: Permission denied
find: ‘/var/lib/docker’: Permission denied
find: ‘/var/lib/udisks2’: Permission denied
find: ‘/var/lib/polkit-1’: Permission denied
find: ‘/var/lib/gdm3’: Permission denied
find: ‘/var/lib/bluetooth’: Permission denied
find: ‘/var/lib/private’: Permission denied
find: ‘/var/spool/cron/crontabs’: Permission denied
find: ‘/var/spool/cups’: Permission denied
find: ‘/sys/kernel/tracing’: Permission denied
find: ‘/sys/kernel/debug’: Permission denied
find: ‘/sys/fs/pstore’: Permission denied
find: ‘/sys/fs/bpf’: Permission denied
find: ‘/lost+found’: Permission denied
find: ‘/root’: Permission denied
find: ‘/proc/tty/driver’: Permission denied
find: ‘/proc/1/task/1/fd’: Permission denied
find: ‘/proc/1/task/1/fdinfo’: Permission denied
find: ‘/proc/1/task/1/ns’: Permission denied
find: ‘/proc/1/fd’: Permission denied
find: ‘/proc/1/map_files’: Permission denied
find: ‘/proc/1/fdinfo’: Permission denied
find: ‘/proc/1/ns’: Permission denied
find: ‘/proc/2/task/2/fd’: Permission denied
find: ‘/proc/2/task/2/fdinfo’: Permission denied
find: ‘/proc/2/task/2/ns’: Permission denied
find: ‘/proc/2/fd’: Permission denied
find: ‘/proc/2/map_files’: Permission denied
find: ‘/proc/2/fdinfo’: Permission denied
find: ‘/proc/2/ns’: Permission denied
find: ‘/proc/3/task/3/fd’: Permission denied
find: ‘/proc/3/task/3/fdinfo’: Permission denied
find: ‘/proc/3/task/3/ns’: Permission denied
find: ‘/proc/3/fd’: Permission denied
find: ‘/proc/3/map_files’: Permission denied
find: ‘/proc/3/fdinfo’: Permission denied
find: ‘/proc/3/ns’: Permission denied
find: ‘/proc/4/task/4/fd’: Permission denied
find: ‘/proc/4/task/4/fdinfo’: Permission denied
find: ‘/proc/4/task/4/ns’: Permission denied
find: ‘/proc/4/fd’: Permission denied
find: ‘/proc/4/map_files’: Permission denied
find: ‘/proc/4/fdinfo’: Permission denied
find: ‘/proc/4/ns’: Permission denied
find: ‘/proc/5/task/5/fd’: Permission denied
find: ‘/proc/5/task/5/fdinfo’: Permission denied
find: ‘/proc/5/task/5/ns’: Permission denied
find: ‘/proc/5/fd’: Permission denied
find: ‘/proc/5/map_files’: Permission denied
find: ‘/proc/5/fdinfo’: Permission denied
find: ‘/proc/5/ns’: Permission denied
find: ‘/proc/6/task/6/fd’: Permission denied
find: ‘/proc/6/task/6/fdinfo’: Permission denied
find: ‘/proc/6/task/6/ns’: Permission denied
find: ‘/proc/6/fd’: Permission denied
find: ‘/proc/6/map_files’: Permission denied
find: ‘/proc/6/fdinfo’: Permission denied
find: ‘/proc/6/ns’: Permission denied
find: ‘/proc/8/task/8/fd’: Permission denied
find: ‘/proc/8/task/8/fdinfo’: Permission denied
find: ‘/proc/8/task/8/ns’: Permission denied
find: ‘/proc/8/fd’: Permission denied
find: ‘/proc/8/map_files’: Permission denied
find: ‘/proc/8/fdinfo’: Permission denied
find: ‘/proc/8/ns’: Permission denied
find: ‘/proc/10/task/10/fd’: Permission denied
find: ‘/proc/10/task/10/fdinfo’: Permission denied
find: ‘/proc/10/task/10/ns’: Permission denied
find: ‘/proc/10/fd’: Permission denied
find: ‘/proc/10/map_files’: Permission denied
find: ‘/proc/10/fdinfo’: Permission denied
find: ‘/proc/10/ns’: Permission denied
find: ‘/proc/11/task/11/fd’: Permission denied
find: ‘/proc/11/task/11/fdinfo’: Permission denied
find: ‘/proc/11/task/11/ns’: Permission denied
find: ‘/proc/11/fd’: Permission denied
find: ‘/proc/11/map_files’: Permission denied
find: ‘/proc/11/fdinfo’: Permission denied
find: ‘/proc/11/ns’: Permission denied
find: ‘/proc/12/task/12/fd’: Permission denied
find: ‘/proc/12/task/12/fdinfo’: Permission denied
find: ‘/proc/12/task/12/ns’: Permission denied
find: ‘/proc/12/fd’: Permission denied
find: ‘/proc/12/map_files’: Permission denied
find: ‘/proc/12/fdinfo’: Permission denied
find: ‘/proc/12/ns’: Permission denied
find: ‘/proc/13/task/13/fd’: Permission denied
find: ‘/proc/13/task/13/fdinfo’: Permission denied
find: ‘/proc/13/task/13/ns’: Permission denied
find: ‘/proc/13/fd’: Permission denied
find: ‘/proc/13/map_files’: Permission denied
find: ‘/proc/13/fdinfo’: Permission denied
find: ‘/proc/13/ns’: Permission denied
find: ‘/proc/14/task/14/fd’: Permission denied
find: ‘/proc/14/task/14/fdinfo’: Permission denied
find: ‘/proc/14/task/14/ns’: Permission denied
find: ‘/proc/14/fd’: Permission denied
find: ‘/proc/14/map_files’: Permission denied
find: ‘/proc/14/fdinfo’: Permission denied
find: ‘/proc/14/ns’: Permission denied
find: ‘/proc/15/task/15/fd’: Permission denied
find: ‘/proc/15/task/15/fdinfo’: Permission denied
find: ‘/proc/15/task/15/ns’: Permission denied
find: ‘/proc/15/fd’: Permission denied
find: ‘/proc/15/map_files’: Permission denied
find: ‘/proc/15/fdinfo’: Permission denied
find: ‘/proc/15/ns’: Permission denied
find: ‘/proc/16/task/16/fd’: Permission denied
find: ‘/proc/16/task/16/fdinfo’: Permission denied
find: ‘/proc/16/task/16/ns’: Permission denied
find: ‘/proc/16/fd’: Permission denied
find: ‘/proc/16/map_files’: Permission denied
find: ‘/proc/16/fdinfo’: Permission denied
find: ‘/proc/16/ns’: Permission denied
find: ‘/proc/18/task/18/fd’: Permission denied
find: ‘/proc/18/task/18/fdinfo’: Permission denied
find: ‘/proc/18/task/18/ns’: Permission denied
find: ‘/proc/18/fd’: Permission denied
find: ‘/proc/18/map_files’: Permission denied
find: ‘/proc/18/fdinfo’: Permission denied
find: ‘/proc/18/ns’: Permission denied
find: ‘/proc/19/task/19/fd’: Permission denied
find: ‘/proc/19/task/19/fdinfo’: Permission denied
find: ‘/proc/19/task/19/ns’: Permission denied
find: ‘/proc/19/fd’: Permission denied
find: ‘/proc/19/map_files’: Permission denied
find: ‘/proc/19/fdinfo’: Permission denied
find: ‘/proc/19/ns’: Permission denied
find: ‘/proc/20/task/20/fd’: Permission denied
find: ‘/proc/20/task/20/fdinfo’: Permission denied
find: ‘/proc/20/task/20/ns’: Permission denied
find: ‘/proc/20/fd’: Permission denied
find: ‘/proc/20/map_files’: Permission denied
find: ‘/proc/20/fdinfo’: Permission denied
find: ‘/proc/20/ns’: Permission denied
find: ‘/proc/21/task/21/fd’: Permission denied
find: ‘/proc/21/task/21/fdinfo’: Permission denied
find: ‘/proc/21/task/21/ns’: Permission denied
find: ‘/proc/21/fd’: Permission denied
find: ‘/proc/21/map_files’: Permission denied
find: ‘/proc/21/fdinfo’: Permission denied
find: ‘/proc/21/ns’: Permission denied
find: ‘/proc/23/task/23/fd’: Permission denied
find: ‘/proc/23/task/23/fdinfo’: Permission denied
find: ‘/proc/23/task/23/ns’: Permission denied
find: ‘/proc/23/fd’: Permission denied
find: ‘/proc/23/map_files’: Permission denied
find: ‘/proc/23/fdinfo’: Permission denied
find: ‘/proc/23/ns’: Permission denied
find: ‘/proc/24/task/24/fd’: Permission denied
find: ‘/proc/24/task/24/fdinfo’: Permission denied
find: ‘/proc/24/task/24/ns’: Permission denied
find: ‘/proc/24/fd’: Permission denied
find: ‘/proc/24/map_files’: Permission denied
find: ‘/proc/24/fdinfo’: Permission denied
find: ‘/proc/24/ns’: Permission denied
find: ‘/proc/25/task/25/fd’: Permission denied
find: ‘/proc/25/task/25/fdinfo’: Permission denied
find: ‘/proc/25/task/25/ns’: Permission denied
find: ‘/proc/25/fd’: Permission denied
find: ‘/proc/25/map_files’: Permission denied
find: ‘/proc/25/fdinfo’: Permission denied
find: ‘/proc/25/ns’: Permission denied
find: ‘/proc/26/task/26/fd’: Permission denied
find: ‘/proc/26/task/26/fdinfo’: Permission denied
find: ‘/proc/26/task/26/ns’: Permission denied
find: ‘/proc/26/fd’: Permission denied
find: ‘/proc/26/map_files’: Permission denied
find: ‘/proc/26/fdinfo’: Permission denied
find: ‘/proc/26/ns’: Permission denied
find: ‘/proc/28/task/28/fd’: Permission denied
find: ‘/proc/28/task/28/fdinfo’: Permission denied
find: ‘/proc/28/task/28/ns’: Permission denied
find: ‘/proc/28/fd’: Permission denied
find: ‘/proc/28/map_files’: Permission denied
find: ‘/proc/28/fdinfo’: Permission denied
find: ‘/proc/28/ns’: Permission denied
find: ‘/proc/29/task/29/fd’: Permission denied
find: ‘/proc/29/task/29/fdinfo’: Permission denied
find: ‘/proc/29/task/29/ns’: Permission denied
find: ‘/proc/29/fd’: Permission denied
find: ‘/proc/29/map_files’: Permission denied
find: ‘/proc/29/fdinfo’: Permission denied
find: ‘/proc/29/ns’: Permission denied
find: ‘/proc/30/task/30/fd’: Permission denied
find: ‘/proc/30/task/30/fdinfo’: Permission denied
find: ‘/proc/30/task/30/ns’: Permission denied
find: ‘/proc/30/fd’: Permission denied
find: ‘/proc/30/map_files’: Permission denied
find: ‘/proc/30/fdinfo’: Permission denied
find: ‘/proc/30/ns’: Permission denied
find: ‘/proc/31/task/31/fd’: Permission denied
find: ‘/proc/31/task/31/fdinfo’: Permission denied
find: ‘/proc/31/task/31/ns’: Permission denied
find: ‘/proc/31/fd’: Permission denied
find: ‘/proc/31/map_files’: Permission denied
find: ‘/proc/31/fdinfo’: Permission denied
find: ‘/proc/31/ns’: Permission denied
find: ‘/proc/33/task/33/fd’: Permission denied
find: ‘/proc/33/task/33/fdinfo’: Permission denied
find: ‘/proc/33/task/33/ns’: Permission denied
find: ‘/proc/33/fd’: Permission denied
find: ‘/proc/33/map_files’: Permission denied
find: ‘/proc/33/fdinfo’: Permission denied
find: ‘/proc/33/ns’: Permission denied
find: ‘/proc/34/task/34/fd’: Permission denied
find: ‘/proc/34/task/34/fdinfo’: Permission denied
find: ‘/proc/34/task/34/ns’: Permission denied
find: ‘/proc/34/fd’: Permission denied
find: ‘/proc/34/map_files’: Permission denied
find: ‘/proc/34/fdinfo’: Permission denied
find: ‘/proc/34/ns’: Permission denied
find: ‘/proc/35/task/35/fd’: Permission denied
find: ‘/proc/35/task/35/fdinfo’: Permission denied
find: ‘/proc/35/task/35/ns’: Permission denied
find: ‘/proc/35/fd’: Permission denied
find: ‘/proc/35/map_files’: Permission denied
find: ‘/proc/35/fdinfo’: Permission denied
find: ‘/proc/35/ns’: Permission denied
find: ‘/proc/36/task/36/fd’: Permission denied
find: ‘/proc/36/task/36/fdinfo’: Permission denied
find: ‘/proc/36/task/36/ns’: Permission denied
find: ‘/proc/36/fd’: Permission denied
find: ‘/proc/36/map_files’: Permission denied
find: ‘/proc/36/fdinfo’: Permission denied
find: ‘/proc/36/ns’: Permission denied
find: ‘/proc/38/task/38/fd’: Permission denied
find: ‘/proc/38/task/38/fdinfo’: Permission denied
find: ‘/proc/38/task/38/ns’: Permission denied
find: ‘/proc/38/fd’: Permission denied
find: ‘/proc/38/map_files’: Permission denied
find: ‘/proc/38/fdinfo’: Permission denied
find: ‘/proc/38/ns’: Permission denied
find: ‘/proc/39/task/39/fd’: Permission denied
find: ‘/proc/39/task/39/fdinfo’: Permission denied
find: ‘/proc/39/task/39/ns’: Permission denied
find: ‘/proc/39/fd’: Permission denied
find: ‘/proc/39/map_files’: Permission denied
find: ‘/proc/39/fdinfo’: Permission denied
find: ‘/proc/39/ns’: Permission denied
find: ‘/proc/40/task/40/fd’: Permission denied
find: ‘/proc/40/task/40/fdinfo’: Permission denied
find: ‘/proc/40/task/40/ns’: Permission denied
find: ‘/proc/40/fd’: Permission denied
find: ‘/proc/40/map_files’: Permission denied
find: ‘/proc/40/fdinfo’: Permission denied
find: ‘/proc/40/ns’: Permission denied
find: ‘/proc/41/task/41/fd’: Permission denied
find: ‘/proc/41/task/41/fdinfo’: Permission denied
find: ‘/proc/41/task/41/ns’: Permission denied
find: ‘/proc/41/fd’: Permission denied
find: ‘/proc/41/map_files’: Permission denied
find: ‘/proc/41/fdinfo’: Permission denied
find: ‘/proc/41/ns’: Permission denied
find: ‘/proc/43/task/43/fd’: Permission denied
find: ‘/proc/43/task/43/fdinfo’: Permission denied
find: ‘/proc/43/task/43/ns’: Permission denied
find: ‘/proc/43/fd’: Permission denied
find: ‘/proc/43/map_files’: Permission denied
find: ‘/proc/43/fdinfo’: Permission denied
find: ‘/proc/43/ns’: Permission denied
find: ‘/proc/50/task/50/fd’: Permission denied
find: ‘/proc/50/task/50/fdinfo’: Permission denied
find: ‘/proc/50/task/50/ns’: Permission denied
find: ‘/proc/50/fd’: Permission denied
find: ‘/proc/50/map_files’: Permission denied
find: ‘/proc/50/fdinfo’: Permission denied
find: ‘/proc/50/ns’: Permission denied
find: ‘/proc/51/task/51/fd’: Permission denied
find: ‘/proc/51/task/51/fdinfo’: Permission denied
find: ‘/proc/51/task/51/ns’: Permission denied
find: ‘/proc/51/fd’: Permission denied
find: ‘/proc/51/map_files’: Permission denied
find: ‘/proc/51/fdinfo’: Permission denied
find: ‘/proc/51/ns’: Permission denied
find: ‘/proc/52/task/52/fd’: Permission denied
find: ‘/proc/52/task/52/fdinfo’: Permission denied
find: ‘/proc/52/task/52/ns’: Permission denied
find: ‘/proc/52/fd’: Permission denied
find: ‘/proc/52/map_files’: Permission denied
find: ‘/proc/52/fdinfo’: Permission denied
find: ‘/proc/52/ns’: Permission denied
find: ‘/proc/53/task/53/fd’: Permission denied
find: ‘/proc/53/task/53/fdinfo’: Permission denied
find: ‘/proc/53/task/53/ns’: Permission denied
find: ‘/proc/53/fd’: Permission denied
find: ‘/proc/53/map_files’: Permission denied
find: ‘/proc/53/fdinfo’: Permission denied
find: ‘/proc/53/ns’: Permission denied
find: ‘/proc/54/task/54/fd’: Permission denied
find: ‘/proc/54/task/54/fdinfo’: Permission denied
find: ‘/proc/54/task/54/ns’: Permission denied
find: ‘/proc/54/fd’: Permission denied
find: ‘/proc/54/map_files’: Permission denied
find: ‘/proc/54/fdinfo’: Permission denied
find: ‘/proc/54/ns’: Permission denied
find: ‘/proc/55/task/55/fd’: Permission denied
find: ‘/proc/55/task/55/fdinfo’: Permission denied
find: ‘/proc/55/task/55/ns’: Permission denied
find: ‘/proc/55/fd’: Permission denied
find: ‘/proc/55/map_files’: Permission denied
find: ‘/proc/55/fdinfo’: Permission denied
find: ‘/proc/55/ns’: Permission denied
find: ‘/proc/56/task/56/fd’: Permission denied
find: ‘/proc/56/task/56/fdinfo’: Permission denied
find: ‘/proc/56/task/56/ns’: Permission denied
find: ‘/proc/56/fd’: Permission denied
find: ‘/proc/56/map_files’: Permission denied
find: ‘/proc/56/fdinfo’: Permission denied
find: ‘/proc/56/ns’: Permission denied
find: ‘/proc/57/task/57/fd’: Permission denied
find: ‘/proc/57/task/57/fdinfo’: Permission denied
find: ‘/proc/57/task/57/ns’: Permission denied
find: ‘/proc/57/fd’: Permission denied
find: ‘/proc/57/map_files’: Permission denied
find: ‘/proc/57/fdinfo’: Permission denied
find: ‘/proc/57/ns’: Permission denied
find: ‘/proc/58/task/58/fd’: Permission denied
find: ‘/proc/58/task/58/fdinfo’: Permission denied
find: ‘/proc/58/task/58/ns’: Permission denied
find: ‘/proc/58/fd’: Permission denied
find: ‘/proc/58/map_files’: Permission denied
find: ‘/proc/58/fdinfo’: Permission denied
find: ‘/proc/58/ns’: Permission denied
find: ‘/proc/59/task/59/fd’: Permission denied
find: ‘/proc/59/task/59/fdinfo’: Permission denied
find: ‘/proc/59/task/59/ns’: Permission denied
find: ‘/proc/59/fd’: Permission denied
find: ‘/proc/59/map_files’: Permission denied
find: ‘/proc/59/fdinfo’: Permission denied
find: ‘/proc/59/ns’: Permission denied
find: ‘/proc/60/task/60/fd’: Permission denied
find: ‘/proc/60/task/60/fdinfo’: Permission denied
find: ‘/proc/60/task/60/ns’: Permission denied
find: ‘/proc/60/fd’: Permission denied
find: ‘/proc/60/map_files’: Permission denied
find: ‘/proc/60/fdinfo’: Permission denied
find: ‘/proc/60/ns’: Permission denied
find: ‘/proc/61/task/61/fd’: Permission denied
find: ‘/proc/61/task/61/fdinfo’: Permission denied
find: ‘/proc/61/task/61/ns’: Permission denied
find: ‘/proc/61/fd’: Permission denied
find: ‘/proc/61/map_files’: Permission denied
find: ‘/proc/61/fdinfo’: Permission denied
find: ‘/proc/61/ns’: Permission denied
find: ‘/proc/63/task/63/fd’: Permission denied
find: ‘/proc/63/task/63/fdinfo’: Permission denied
find: ‘/proc/63/task/63/ns’: Permission denied
find: ‘/proc/63/fd’: Permission denied
find: ‘/proc/63/map_files’: Permission denied
find: ‘/proc/63/fdinfo’: Permission denied
find: ‘/proc/63/ns’: Permission denied
find: ‘/proc/64/task/64/fd’: Permission denied
find: ‘/proc/64/task/64/fdinfo’: Permission denied
find: ‘/proc/64/task/64/ns’: Permission denied
find: ‘/proc/64/fd’: Permission denied
find: ‘/proc/64/map_files’: Permission denied
find: ‘/proc/64/fdinfo’: Permission denied
find: ‘/proc/64/ns’: Permission denied
find: ‘/proc/65/task/65/fd’: Permission denied
find: ‘/proc/65/task/65/fdinfo’: Permission denied
find: ‘/proc/65/task/65/ns’: Permission denied
find: ‘/proc/65/fd’: Permission denied
find: ‘/proc/65/map_files’: Permission denied
find: ‘/proc/65/fdinfo’: Permission denied
find: ‘/proc/65/ns’: Permission denied
find: ‘/proc/67/task/67/fd’: Permission denied
find: ‘/proc/67/task/67/fdinfo’: Permission denied
find: ‘/proc/67/task/67/ns’: Permission denied
find: ‘/proc/67/fd’: Permission denied
find: ‘/proc/67/map_files’: Permission denied
find: ‘/proc/67/fdinfo’: Permission denied
find: ‘/proc/67/ns’: Permission denied
find: ‘/proc/68/task/68/fd’: Permission denied
find: ‘/proc/68/task/68/fdinfo’: Permission denied
find: ‘/proc/68/task/68/ns’: Permission denied
find: ‘/proc/68/fd’: Permission denied
find: ‘/proc/68/map_files’: Permission denied
find: ‘/proc/68/fdinfo’: Permission denied
find: ‘/proc/68/ns’: Permission denied
find: ‘/proc/76/task/76/fd’: Permission denied
find: ‘/proc/76/task/76/fdinfo’: Permission denied
find: ‘/proc/76/task/76/ns’: Permission denied
find: ‘/proc/76/fd’: Permission denied
find: ‘/proc/76/map_files’: Permission denied
find: ‘/proc/76/fdinfo’: Permission denied
find: ‘/proc/76/ns’: Permission denied
find: ‘/proc/78/task/78/fd’: Permission denied
find: ‘/proc/78/task/78/fdinfo’: Permission denied
find: ‘/proc/78/task/78/ns’: Permission denied
find: ‘/proc/78/fd’: Permission denied
find: ‘/proc/78/map_files’: Permission denied
find: ‘/proc/78/fdinfo’: Permission denied
find: ‘/proc/78/ns’: Permission denied
find: ‘/proc/81/task/81/fd’: Permission denied
find: ‘/proc/81/task/81/fdinfo’: Permission denied
find: ‘/proc/81/task/81/ns’: Permission denied
find: ‘/proc/81/fd’: Permission denied
find: ‘/proc/81/map_files’: Permission denied
find: ‘/proc/81/fdinfo’: Permission denied
find: ‘/proc/81/ns’: Permission denied
find: ‘/proc/82/task/82/fd’: Permission denied
find: ‘/proc/82/task/82/fdinfo’: Permission denied
find: ‘/proc/82/task/82/ns’: Permission denied
find: ‘/proc/82/fd’: Permission denied
find: ‘/proc/82/map_files’: Permission denied
find: ‘/proc/82/fdinfo’: Permission denied
find: ‘/proc/82/ns’: Permission denied
find: ‘/proc/83/task/83/fd’: Permission denied
find: ‘/proc/83/task/83/fdinfo’: Permission denied
find: ‘/proc/83/task/83/ns’: Permission denied
find: ‘/proc/83/fd’: Permission denied
find: ‘/proc/83/map_files’: Permission denied
find: ‘/proc/83/fdinfo’: Permission denied
find: ‘/proc/83/ns’: Permission denied
find: ‘/proc/88/task/88/fd’: Permission denied
find: ‘/proc/88/task/88/fdinfo’: Permission denied
find: ‘/proc/88/task/88/ns’: Permission denied
find: ‘/proc/88/fd’: Permission denied
find: ‘/proc/88/map_files’: Permission denied
find: ‘/proc/88/fdinfo’: Permission denied
find: ‘/proc/88/ns’: Permission denied
find: ‘/proc/93/task/93/fd’: Permission denied
find: ‘/proc/93/task/93/fdinfo’: Permission denied
find: ‘/proc/93/task/93/ns’: Permission denied
find: ‘/proc/93/fd’: Permission denied
find: ‘/proc/93/map_files’: Permission denied
find: ‘/proc/93/fdinfo’: Permission denied
find: ‘/proc/93/ns’: Permission denied
find: ‘/proc/94/task/94/fd’: Permission denied
find: ‘/proc/94/task/94/fdinfo’: Permission denied
find: ‘/proc/94/task/94/ns’: Permission denied
find: ‘/proc/94/fd’: Permission denied
find: ‘/proc/94/map_files’: Permission denied
find: ‘/proc/94/fdinfo’: Permission denied
find: ‘/proc/94/ns’: Permission denied
find: ‘/proc/138/task/138/fd’: Permission denied
find: ‘/proc/138/task/138/fdinfo’: Permission denied
find: ‘/proc/138/task/138/ns’: Permission denied
find: ‘/proc/138/fd’: Permission denied
find: ‘/proc/138/map_files’: Permission denied
find: ‘/proc/138/fdinfo’: Permission denied
find: ‘/proc/138/ns’: Permission denied
find: ‘/proc/151/task/151/fd’: Permission denied
find: ‘/proc/151/task/151/fdinfo’: Permission denied
find: ‘/proc/151/task/151/ns’: Permission denied
find: ‘/proc/151/fd’: Permission denied
find: ‘/proc/151/map_files’: Permission denied
find: ‘/proc/151/fdinfo’: Permission denied
find: ‘/proc/151/ns’: Permission denied
find: ‘/proc/152/task/152/fd’: Permission denied
find: ‘/proc/152/task/152/fdinfo’: Permission denied
find: ‘/proc/152/task/152/ns’: Permission denied
find: ‘/proc/152/fd’: Permission denied
find: ‘/proc/152/map_files’: Permission denied
find: ‘/proc/152/fdinfo’: Permission denied
find: ‘/proc/152/ns’: Permission denied
find: ‘/proc/153/task/153/fd’: Permission denied
find: ‘/proc/153/task/153/fdinfo’: Permission denied
find: ‘/proc/153/task/153/ns’: Permission denied
find: ‘/proc/153/fd’: Permission denied
find: ‘/proc/153/map_files’: Permission denied
find: ‘/proc/153/fdinfo’: Permission denied
find: ‘/proc/153/ns’: Permission denied
find: ‘/proc/171/task/171/fd’: Permission denied
find: ‘/proc/171/task/171/fdinfo’: Permission denied
find: ‘/proc/171/task/171/ns’: Permission denied
find: ‘/proc/171/fd’: Permission denied
find: ‘/proc/171/map_files’: Permission denied
find: ‘/proc/171/fdinfo’: Permission denied
find: ‘/proc/171/ns’: Permission denied
find: ‘/proc/174/task/174/fd’: Permission denied
find: ‘/proc/174/task/174/fdinfo’: Permission denied
find: ‘/proc/174/task/174/ns’: Permission denied
find: ‘/proc/174/fd’: Permission denied
find: ‘/proc/174/map_files’: Permission denied
find: ‘/proc/174/fdinfo’: Permission denied
find: ‘/proc/174/ns’: Permission denied
find: ‘/proc/175/task/175/fd’: Permission denied
find: ‘/proc/175/task/175/fdinfo’: Permission denied
find: ‘/proc/175/task/175/ns’: Permission denied
find: ‘/proc/175/fd’: Permission denied
find: ‘/proc/175/map_files’: Permission denied
find: ‘/proc/175/fdinfo’: Permission denied
find: ‘/proc/175/ns’: Permission denied
find: ‘/proc/176/task/176/fd’: Permission denied
find: ‘/proc/176/task/176/fdinfo’: Permission denied
find: ‘/proc/176/task/176/ns’: Permission denied
find: ‘/proc/176/fd’: Permission denied
find: ‘/proc/176/map_files’: Permission denied
find: ‘/proc/176/fdinfo’: Permission denied
find: ‘/proc/176/ns’: Permission denied
find: ‘/proc/177/task/177/fd’: Permission denied
find: ‘/proc/177/task/177/fdinfo’: Permission denied
find: ‘/proc/177/task/177/ns’: Permission denied
find: ‘/proc/177/fd’: Permission denied
find: ‘/proc/177/map_files’: Permission denied
find: ‘/proc/177/fdinfo’: Permission denied
find: ‘/proc/177/ns’: Permission denied
find: ‘/proc/178/task/178/fd’: Permission denied
find: ‘/proc/178/task/178/fdinfo’: Permission denied
find: ‘/proc/178/task/178/ns’: Permission denied
find: ‘/proc/178/fd’: Permission denied
find: ‘/proc/178/map_files’: Permission denied
find: ‘/proc/178/fdinfo’: Permission denied
find: ‘/proc/178/ns’: Permission denied
find: ‘/proc/179/task/179/fd’: Permission denied
find: ‘/proc/179/task/179/fdinfo’: Permission denied
find: ‘/proc/179/task/179/ns’: Permission denied
find: ‘/proc/179/fd’: Permission denied
find: ‘/proc/179/map_files’: Permission denied
find: ‘/proc/179/fdinfo’: Permission denied
find: ‘/proc/179/ns’: Permission denied
find: ‘/proc/188/task/188/fd’: Permission denied
find: ‘/proc/188/task/188/fdinfo’: Permission denied
find: ‘/proc/188/task/188/ns’: Permission denied
find: ‘/proc/188/fd’: Permission denied
find: ‘/proc/188/map_files’: Permission denied
find: ‘/proc/188/fdinfo’: Permission denied
find: ‘/proc/188/ns’: Permission denied
find: ‘/proc/233/task/233/fd’: Permission denied
find: ‘/proc/233/task/233/fdinfo’: Permission denied
find: ‘/proc/233/task/233/ns’: Permission denied
find: ‘/proc/233/fd’: Permission denied
find: ‘/proc/233/map_files’: Permission denied
find: ‘/proc/233/fdinfo’: Permission denied
find: ‘/proc/233/ns’: Permission denied
find: ‘/proc/234/task/234/fd’: Permission denied
find: ‘/proc/234/task/234/fdinfo’: Permission denied
find: ‘/proc/234/task/234/ns’: Permission denied
find: ‘/proc/234/fd’: Permission denied
find: ‘/proc/234/map_files’: Permission denied
find: ‘/proc/234/fdinfo’: Permission denied
find: ‘/proc/234/ns’: Permission denied
find: ‘/proc/309/task/309/fd’: Permission denied
find: ‘/proc/309/task/309/fdinfo’: Permission denied
find: ‘/proc/309/task/309/ns’: Permission denied
find: ‘/proc/309/fd’: Permission denied
find: ‘/proc/309/map_files’: Permission denied
find: ‘/proc/309/fdinfo’: Permission denied
find: ‘/proc/309/ns’: Permission denied
find: ‘/proc/361/task/361/fd’: Permission denied
find: ‘/proc/361/task/361/fdinfo’: Permission denied
find: ‘/proc/361/task/361/ns’: Permission denied
find: ‘/proc/361/fd’: Permission denied
find: ‘/proc/361/map_files’: Permission denied
find: ‘/proc/361/fdinfo’: Permission denied
find: ‘/proc/361/ns’: Permission denied
find: ‘/proc/362/task/362/fd’: Permission denied
find: ‘/proc/362/task/362/fdinfo’: Permission denied
find: ‘/proc/362/task/362/ns’: Permission denied
find: ‘/proc/362/fd’: Permission denied
find: ‘/proc/362/map_files’: Permission denied
find: ‘/proc/362/fdinfo’: Permission denied
find: ‘/proc/362/ns’: Permission denied
find: ‘/proc/590/task/590/fd’: Permission denied
find: ‘/proc/590/task/590/fdinfo’: Permission denied
find: ‘/proc/590/task/590/ns’: Permission denied
find: ‘/proc/590/task/608/fd’: Permission denied
find: ‘/proc/590/task/608/fdinfo’: Permission denied
find: ‘/proc/590/task/608/ns’: Permission denied
find: ‘/proc/590/task/625/fd’: Permission denied
find: ‘/proc/590/task/625/fdinfo’: Permission denied
find: ‘/proc/590/task/625/ns’: Permission denied
find: ‘/proc/590/fd’: Permission denied
find: ‘/proc/590/map_files’: Permission denied
find: ‘/proc/590/fdinfo’: Permission denied
find: ‘/proc/590/ns’: Permission denied
find: ‘/proc/591/task/591/fd’: Permission denied
find: ‘/proc/591/task/591/fdinfo’: Permission denied
find: ‘/proc/591/task/591/ns’: Permission denied
find: ‘/proc/591/fd’: Permission denied
find: ‘/proc/591/map_files’: Permission denied
find: ‘/proc/591/fdinfo’: Permission denied
find: ‘/proc/591/ns’: Permission denied
find: ‘/proc/592/task/592/fd’: Permission denied
find: ‘/proc/592/task/592/fdinfo’: Permission denied
find: ‘/proc/592/task/592/ns’: Permission denied
find: ‘/proc/592/fd’: Permission denied
find: ‘/proc/592/map_files’: Permission denied
find: ‘/proc/592/fdinfo’: Permission denied
find: ‘/proc/592/ns’: Permission denied
find: ‘/proc/593/task/593/fd’: Permission denied
find: ‘/proc/593/task/593/fdinfo’: Permission denied
find: ‘/proc/593/task/593/ns’: Permission denied
find: ‘/proc/593/fd’: Permission denied
find: ‘/proc/593/map_files’: Permission denied
find: ‘/proc/593/fdinfo’: Permission denied
find: ‘/proc/593/ns’: Permission denied
find: ‘/proc/595/task/595/fd’: Permission denied
find: ‘/proc/595/task/595/fdinfo’: Permission denied
find: ‘/proc/595/task/595/ns’: Permission denied
find: ‘/proc/595/task/615/fd’: Permission denied
find: ‘/proc/595/task/615/fdinfo’: Permission denied
find: ‘/proc/595/task/615/ns’: Permission denied
find: ‘/proc/595/task/627/fd’: Permission denied
find: ‘/proc/595/task/627/fdinfo’: Permission denied
find: ‘/proc/595/task/627/ns’: Permission denied
find: ‘/proc/595/fd’: Permission denied
find: ‘/proc/595/map_files’: Permission denied
find: ‘/proc/595/fdinfo’: Permission denied
find: ‘/proc/595/ns’: Permission denied
find: ‘/proc/596/task/596/fd’: Permission denied
find: ‘/proc/596/task/596/fdinfo’: Permission denied
find: ‘/proc/596/task/596/ns’: Permission denied
find: ‘/proc/596/task/617/fd’: Permission denied
find: ‘/proc/596/task/617/fdinfo’: Permission denied
find: ‘/proc/596/task/617/ns’: Permission denied
find: ‘/proc/596/task/626/fd’: Permission denied
find: ‘/proc/596/task/626/fdinfo’: Permission denied
find: ‘/proc/596/task/626/ns’: Permission denied
find: ‘/proc/596/fd’: Permission denied
find: ‘/proc/596/map_files’: Permission denied
find: ‘/proc/596/fdinfo’: Permission denied
find: ‘/proc/596/ns’: Permission denied
find: ‘/proc/597/task/597/fd’: Permission denied
find: ‘/proc/597/task/597/fdinfo’: Permission denied
find: ‘/proc/597/task/597/ns’: Permission denied
find: ‘/proc/597/task/618/fd’: Permission denied
find: ‘/proc/597/task/618/fdinfo’: Permission denied
find: ‘/proc/597/task/618/ns’: Permission denied
find: ‘/proc/597/task/629/fd’: Permission denied
find: ‘/proc/597/task/629/fdinfo’: Permission denied
find: ‘/proc/597/task/629/ns’: Permission denied
find: ‘/proc/597/fd’: Permission denied
find: ‘/proc/597/map_files’: Permission denied
find: ‘/proc/597/fdinfo’: Permission denied
find: ‘/proc/597/ns’: Permission denied
find: ‘/proc/598/task/598/fd’: Permission denied
find: ‘/proc/598/task/598/fdinfo’: Permission denied
find: ‘/proc/598/task/598/ns’: Permission denied
find: ‘/proc/598/task/842/fd’: Permission denied
find: ‘/proc/598/task/842/fdinfo’: Permission denied
find: ‘/proc/598/task/842/ns’: Permission denied
find: ‘/proc/598/task/849/fd’: Permission denied
find: ‘/proc/598/task/849/fdinfo’: Permission denied
find: ‘/proc/598/task/849/ns’: Permission denied
find: ‘/proc/598/task/850/fd’: Permission denied
find: ‘/proc/598/task/850/fdinfo’: Permission denied
find: ‘/proc/598/task/850/ns’: Permission denied
find: ‘/proc/598/task/851/fd’: Permission denied
find: ‘/proc/598/task/851/fdinfo’: Permission denied
find: ‘/proc/598/task/851/ns’: Permission denied
find: ‘/proc/598/task/852/fd’: Permission denied
find: ‘/proc/598/task/852/fdinfo’: Permission denied
find: ‘/proc/598/task/852/ns’: Permission denied
find: ‘/proc/598/task/855/fd’: Permission denied
find: ‘/proc/598/task/855/fdinfo’: Permission denied
find: ‘/proc/598/task/855/ns’: Permission denied
find: ‘/proc/598/task/938/fd’: Permission denied
find: ‘/proc/598/task/938/fdinfo’: Permission denied
find: ‘/proc/598/task/938/ns’: Permission denied
find: ‘/proc/598/task/977/fd’: Permission denied
find: ‘/proc/598/task/977/fdinfo’: Permission denied
find: ‘/proc/598/task/977/ns’: Permission denied
find: ‘/proc/598/task/1034/fd’: Permission denied
find: ‘/proc/598/task/1034/fdinfo’: Permission denied
find: ‘/proc/598/task/1034/ns’: Permission denied
find: ‘/proc/598/task/1035/fd’: Permission denied
find: ‘/proc/598/task/1035/fdinfo’: Permission denied
find: ‘/proc/598/task/1035/ns’: Permission denied
find: ‘/proc/598/task/1075/fd’: Permission denied
find: ‘/proc/598/task/1075/fdinfo’: Permission denied
find: ‘/proc/598/task/1075/ns’: Permission denied
find: ‘/proc/598/task/20061/fd’: Permission denied
find: ‘/proc/598/task/20061/fdinfo’: Permission denied
find: ‘/proc/598/task/20061/ns’: Permission denied
find: ‘/proc/598/task/20065/fd’: Permission denied
find: ‘/proc/598/task/20065/fdinfo’: Permission denied
find: ‘/proc/598/task/20065/ns’: Permission denied
find: ‘/proc/598/fd’: Permission denied
find: ‘/proc/598/map_files’: Permission denied
find: ‘/proc/598/fdinfo’: Permission denied
find: ‘/proc/598/ns’: Permission denied
find: ‘/proc/599/task/599/fd’: Permission denied
find: ‘/proc/599/task/599/fdinfo’: Permission denied
find: ‘/proc/599/task/599/ns’: Permission denied
find: ‘/proc/599/task/621/fd’: Permission denied
find: ‘/proc/599/task/621/fdinfo’: Permission denied
find: ‘/proc/599/task/621/ns’: Permission denied
find: ‘/proc/599/task/628/fd’: Permission denied
find: ‘/proc/599/task/628/fdinfo’: Permission denied
find: ‘/proc/599/task/628/ns’: Permission denied
find: ‘/proc/599/fd’: Permission denied
find: ‘/proc/599/map_files’: Permission denied
find: ‘/proc/599/fdinfo’: Permission denied
find: ‘/proc/599/ns’: Permission denied
find: ‘/proc/600/task/600/fd’: Permission denied
find: ‘/proc/600/task/600/fdinfo’: Permission denied
find: ‘/proc/600/task/600/ns’: Permission denied
find: ‘/proc/600/fd’: Permission denied
find: ‘/proc/600/map_files’: Permission denied
find: ‘/proc/600/fdinfo’: Permission denied
find: ‘/proc/600/ns’: Permission denied
find: ‘/proc/601/task/601/fd’: Permission denied
find: ‘/proc/601/task/601/fdinfo’: Permission denied
find: ‘/proc/601/task/601/ns’: Permission denied
find: ‘/proc/601/task/619/fd’: Permission denied
find: ‘/proc/601/task/619/fdinfo’: Permission denied
find: ‘/proc/601/task/619/ns’: Permission denied
find: ‘/proc/601/task/632/fd’: Permission denied
find: ‘/proc/601/task/632/fdinfo’: Permission denied
find: ‘/proc/601/task/632/ns’: Permission denied
find: ‘/proc/601/task/681/fd’: Permission denied
find: ‘/proc/601/task/681/fdinfo’: Permission denied
find: ‘/proc/601/task/681/ns’: Permission denied
find: ‘/proc/601/task/752/fd’: Permission denied
find: ‘/proc/601/task/752/fdinfo’: Permission denied
find: ‘/proc/601/task/752/ns’: Permission denied
find: ‘/proc/601/fd’: Permission denied
find: ‘/proc/601/map_files’: Permission denied
find: ‘/proc/601/fdinfo’: Permission denied
find: ‘/proc/601/ns’: Permission denied
find: ‘/proc/607/task/607/fd’: Permission denied
find: ‘/proc/607/task/607/fdinfo’: Permission denied
find: ‘/proc/607/task/607/ns’: Permission denied
find: ‘/proc/607/fd’: Permission denied
find: ‘/proc/607/map_files’: Permission denied
find: ‘/proc/607/fdinfo’: Permission denied
find: ‘/proc/607/ns’: Permission denied
find: ‘/proc/624/task/624/fd’: Permission denied
find: ‘/proc/624/task/624/fdinfo’: Permission denied
find: ‘/proc/624/task/624/ns’: Permission denied
find: ‘/proc/624/task/733/fd’: Permission denied
find: ‘/proc/624/task/733/fdinfo’: Permission denied
find: ‘/proc/624/task/733/ns’: Permission denied
find: ‘/proc/624/task/740/fd’: Permission denied
find: ‘/proc/624/task/740/fdinfo’: Permission denied
find: ‘/proc/624/task/740/ns’: Permission denied
find: ‘/proc/624/fd’: Permission denied
find: ‘/proc/624/map_files’: Permission denied
find: ‘/proc/624/fdinfo’: Permission denied
find: ‘/proc/624/ns’: Permission denied
find: ‘/proc/631/task/631/fd’: Permission denied
find: ‘/proc/631/task/631/fdinfo’: Permission denied
find: ‘/proc/631/task/631/ns’: Permission denied
find: ‘/proc/631/fd’: Permission denied
find: ‘/proc/631/map_files’: Permission denied
find: ‘/proc/631/fdinfo’: Permission denied
find: ‘/proc/631/ns’: Permission denied
find: ‘/proc/634/task/634/fd’: Permission denied
find: ‘/proc/634/task/634/fdinfo’: Permission denied
find: ‘/proc/634/task/634/ns’: Permission denied
find: ‘/proc/634/fd’: Permission denied
find: ‘/proc/634/map_files’: Permission denied
find: ‘/proc/634/fdinfo’: Permission denied
find: ‘/proc/634/ns’: Permission denied
find: ‘/proc/649/task/649/fd’: Permission denied
find: ‘/proc/649/task/649/fdinfo’: Permission denied
find: ‘/proc/649/task/649/ns’: Permission denied
find: ‘/proc/649/task/677/fd’: Permission denied
find: ‘/proc/649/task/677/fdinfo’: Permission denied
find: ‘/proc/649/task/677/ns’: Permission denied
find: ‘/proc/649/task/700/fd’: Permission denied
find: ‘/proc/649/task/700/fdinfo’: Permission denied
find: ‘/proc/649/task/700/ns’: Permission denied
find: ‘/proc/649/fd’: Permission denied
find: ‘/proc/649/map_files’: Permission denied
find: ‘/proc/649/fdinfo’: Permission denied
find: ‘/proc/649/ns’: Permission denied
find: ‘/proc/776/task/776/fd’: Permission denied
find: ‘/proc/776/task/776/fdinfo’: Permission denied
find: ‘/proc/776/task/776/ns’: Permission denied
find: ‘/proc/776/task/821/fd’: Permission denied
find: ‘/proc/776/task/821/fdinfo’: Permission denied
find: ‘/proc/776/task/821/ns’: Permission denied
find: ‘/proc/776/task/826/fd’: Permission denied
find: ‘/proc/776/task/826/fdinfo’: Permission denied
find: ‘/proc/776/task/826/ns’: Permission denied
find: ‘/proc/776/task/831/fd’: Permission denied
find: ‘/proc/776/task/831/fdinfo’: Permission denied
find: ‘/proc/776/task/831/ns’: Permission denied
find: ‘/proc/776/task/836/fd’: Permission denied
find: ‘/proc/776/task/836/fdinfo’: Permission denied
find: ‘/proc/776/task/836/ns’: Permission denied
find: ‘/proc/776/task/837/fd’: Permission denied
find: ‘/proc/776/task/837/fdinfo’: Permission denied
find: ‘/proc/776/task/837/ns’: Permission denied
find: ‘/proc/776/task/895/fd’: Permission denied
find: ‘/proc/776/task/895/fdinfo’: Permission denied
find: ‘/proc/776/task/895/ns’: Permission denied
find: ‘/proc/776/task/896/fd’: Permission denied
find: ‘/proc/776/task/896/fdinfo’: Permission denied
find: ‘/proc/776/task/896/ns’: Permission denied
find: ‘/proc/776/task/907/fd’: Permission denied
find: ‘/proc/776/task/907/fdinfo’: Permission denied
find: ‘/proc/776/task/907/ns’: Permission denied
find: ‘/proc/776/task/911/fd’: Permission denied
find: ‘/proc/776/task/911/fdinfo’: Permission denied
find: ‘/proc/776/task/911/ns’: Permission denied
find: ‘/proc/776/task/912/fd’: Permission denied
find: ‘/proc/776/task/912/fdinfo’: Permission denied
find: ‘/proc/776/task/912/ns’: Permission denied
find: ‘/proc/776/task/1863/fd’: Permission denied
find: ‘/proc/776/task/1863/fdinfo’: Permission denied
find: ‘/proc/776/task/1863/ns’: Permission denied
find: ‘/proc/776/fd’: Permission denied
find: ‘/proc/776/map_files’: Permission denied
find: ‘/proc/776/fdinfo’: Permission denied
find: ‘/proc/776/ns’: Permission denied
find: ‘/proc/817/task/817/fd’: Permission denied
find: ‘/proc/817/task/817/fdinfo’: Permission denied
find: ‘/proc/817/task/817/ns’: Permission denied
find: ‘/proc/817/task/833/fd’: Permission denied
find: ‘/proc/817/task/833/fdinfo’: Permission denied
find: ‘/proc/817/task/833/ns’: Permission denied
find: ‘/proc/817/task/835/fd’: Permission denied
find: ‘/proc/817/task/835/fdinfo’: Permission denied
find: ‘/proc/817/task/835/ns’: Permission denied
find: ‘/proc/817/task/838/fd’: Permission denied
find: ‘/proc/817/task/838/fdinfo’: Permission denied
find: ‘/proc/817/task/838/ns’: Permission denied
find: ‘/proc/817/task/839/fd’: Permission denied
find: ‘/proc/817/task/839/fdinfo’: Permission denied
find: ‘/proc/817/task/839/ns’: Permission denied
find: ‘/proc/817/task/3116/fd’: Permission denied
find: ‘/proc/817/task/3116/fdinfo’: Permission denied
find: ‘/proc/817/task/3116/ns’: Permission denied
find: ‘/proc/817/fd’: Permission denied
find: ‘/proc/817/map_files’: Permission denied
find: ‘/proc/817/fdinfo’: Permission denied
find: ‘/proc/817/ns’: Permission denied
find: ‘/proc/847/task/847/fd’: Permission denied
find: ‘/proc/847/task/847/fdinfo’: Permission denied
find: ‘/proc/847/task/847/ns’: Permission denied
find: ‘/proc/847/task/859/fd’: Permission denied
find: ‘/proc/847/task/859/fdinfo’: Permission denied
find: ‘/proc/847/task/859/ns’: Permission denied
find: ‘/proc/847/task/860/fd’: Permission denied
find: ‘/proc/847/task/860/fdinfo’: Permission denied
find: ‘/proc/847/task/860/ns’: Permission denied
find: ‘/proc/847/fd’: Permission denied
find: ‘/proc/847/map_files’: Permission denied
find: ‘/proc/847/fdinfo’: Permission denied
find: ‘/proc/847/ns’: Permission denied
find: ‘/proc/914/task/914/fd’: Permission denied
find: ‘/proc/914/task/914/fdinfo’: Permission denied
find: ‘/proc/914/task/914/ns’: Permission denied
find: ‘/proc/914/task/924/fd’: Permission denied
find: ‘/proc/914/task/924/fdinfo’: Permission denied
find: ‘/proc/914/task/924/ns’: Permission denied
find: ‘/proc/914/task/925/fd’: Permission denied
find: ‘/proc/914/task/925/fdinfo’: Permission denied
find: ‘/proc/914/task/925/ns’: Permission denied
find: ‘/proc/914/task/926/fd’: Permission denied
find: ‘/proc/914/task/926/fdinfo’: Permission denied
find: ‘/proc/914/task/926/ns’: Permission denied
find: ‘/proc/914/task/927/fd’: Permission denied
find: ‘/proc/914/task/927/fdinfo’: Permission denied
find: ‘/proc/914/task/927/ns’: Permission denied
find: ‘/proc/914/task/928/fd’: Permission denied
find: ‘/proc/914/task/928/fdinfo’: Permission denied
find: ‘/proc/914/task/928/ns’: Permission denied
find: ‘/proc/914/task/991/fd’: Permission denied
find: ‘/proc/914/task/991/fdinfo’: Permission denied
find: ‘/proc/914/task/991/ns’: Permission denied
find: ‘/proc/914/task/994/fd’: Permission denied
find: ‘/proc/914/task/994/fdinfo’: Permission denied
find: ‘/proc/914/task/994/ns’: Permission denied
find: ‘/proc/914/task/1026/fd’: Permission denied
find: ‘/proc/914/task/1026/fdinfo’: Permission denied
find: ‘/proc/914/task/1026/ns’: Permission denied
find: ‘/proc/914/task/1042/fd’: Permission denied
find: ‘/proc/914/task/1042/fdinfo’: Permission denied
find: ‘/proc/914/task/1042/ns’: Permission denied
find: ‘/proc/914/task/1043/fd’: Permission denied
find: ‘/proc/914/task/1043/fdinfo’: Permission denied
find: ‘/proc/914/task/1043/ns’: Permission denied
find: ‘/proc/914/task/1044/fd’: Permission denied
find: ‘/proc/914/task/1044/fdinfo’: Permission denied
find: ‘/proc/914/task/1044/ns’: Permission denied
find: ‘/proc/914/task/1045/fd’: Permission denied
find: ‘/proc/914/task/1045/fdinfo’: Permission denied
find: ‘/proc/914/task/1045/ns’: Permission denied
find: ‘/proc/914/task/1046/fd’: Permission denied
find: ‘/proc/914/task/1046/fdinfo’: Permission denied
find: ‘/proc/914/task/1046/ns’: Permission denied
find: ‘/proc/914/task/1047/fd’: Permission denied
find: ‘/proc/914/task/1047/fdinfo’: Permission denied
find: ‘/proc/914/task/1047/ns’: Permission denied
find: ‘/proc/914/task/2092/fd’: Permission denied
find: ‘/proc/914/task/2092/fdinfo’: Permission denied
find: ‘/proc/914/task/2092/ns’: Permission denied
find: ‘/proc/914/task/2093/fd’: Permission denied
find: ‘/proc/914/task/2093/fdinfo’: Permission denied
find: ‘/proc/914/task/2093/ns’: Permission denied
find: ‘/proc/914/fd’: Permission denied
find: ‘/proc/914/map_files’: Permission denied
find: ‘/proc/914/fdinfo’: Permission denied
find: ‘/proc/914/ns’: Permission denied
find: ‘/proc/931/task/931/fd’: Permission denied
find: ‘/proc/931/task/931/fdinfo’: Permission denied
find: ‘/proc/931/task/931/ns’: Permission denied
find: ‘/proc/931/task/941/fd’: Permission denied
find: ‘/proc/931/task/941/fdinfo’: Permission denied
find: ‘/proc/931/task/941/ns’: Permission denied
find: ‘/proc/931/task/942/fd’: Permission denied
find: ‘/proc/931/task/942/fdinfo’: Permission denied
find: ‘/proc/931/task/942/ns’: Permission denied
find: ‘/proc/931/fd’: Permission denied
find: ‘/proc/931/map_files’: Permission denied
find: ‘/proc/931/fdinfo’: Permission denied
find: ‘/proc/931/ns’: Permission denied
find: ‘/proc/1411/task/1411/fd’: Permission denied
find: ‘/proc/1411/task/1411/fdinfo’: Permission denied
find: ‘/proc/1411/task/1411/ns’: Permission denied
find: ‘/proc/1411/task/1420/fd’: Permission denied
find: ‘/proc/1411/task/1420/fdinfo’: Permission denied
find: ‘/proc/1411/task/1420/ns’: Permission denied
find: ‘/proc/1411/task/1421/fd’: Permission denied
find: ‘/proc/1411/task/1421/fdinfo’: Permission denied
find: ‘/proc/1411/task/1421/ns’: Permission denied
find: ‘/proc/1411/fd’: Permission denied
find: ‘/proc/1411/map_files’: Permission denied
find: ‘/proc/1411/fdinfo’: Permission denied
find: ‘/proc/1411/ns’: Permission denied
find: ‘/proc/1446/task/1446/fd’: Permission denied
find: ‘/proc/1446/task/1446/fdinfo’: Permission denied
find: ‘/proc/1446/task/1446/ns’: Permission denied
find: ‘/proc/1446/task/1474/fd’: Permission denied
find: ‘/proc/1446/task/1474/fdinfo’: Permission denied
find: ‘/proc/1446/task/1474/ns’: Permission denied
find: ‘/proc/1446/task/1479/fd’: Permission denied
find: ‘/proc/1446/task/1479/fdinfo’: Permission denied
find: ‘/proc/1446/task/1479/ns’: Permission denied
find: ‘/proc/1446/fd’: Permission denied
find: ‘/proc/1446/map_files’: Permission denied
find: ‘/proc/1446/fdinfo’: Permission denied
find: ‘/proc/1446/ns’: Permission denied
find: ‘/proc/1760/task/1760/fd’: Permission denied
find: ‘/proc/1760/task/1760/fdinfo’: Permission denied
find: ‘/proc/1760/task/1760/ns’: Permission denied
find: ‘/proc/1760/task/1762/fd’: Permission denied
find: ‘/proc/1760/task/1762/fdinfo’: Permission denied
find: ‘/proc/1760/task/1762/ns’: Permission denied
find: ‘/proc/1760/task/1763/fd’: Permission denied
find: ‘/proc/1760/task/1763/fdinfo’: Permission denied
find: ‘/proc/1760/task/1763/ns’: Permission denied
find: ‘/proc/1760/task/1764/fd’: Permission denied
find: ‘/proc/1760/task/1764/fdinfo’: Permission denied
find: ‘/proc/1760/task/1764/ns’: Permission denied
find: ‘/proc/1760/task/1765/fd’: Permission denied
find: ‘/proc/1760/task/1765/fdinfo’: Permission denied
find: ‘/proc/1760/task/1765/ns’: Permission denied
find: ‘/proc/1760/task/1767/fd’: Permission denied
find: ‘/proc/1760/task/1767/fdinfo’: Permission denied
find: ‘/proc/1760/task/1767/ns’: Permission denied
find: ‘/proc/1760/task/1769/fd’: Permission denied
find: ‘/proc/1760/task/1769/fdinfo’: Permission denied
find: ‘/proc/1760/task/1769/ns’: Permission denied
find: ‘/proc/1760/task/1770/fd’: Permission denied
find: ‘/proc/1760/task/1770/fdinfo’: Permission denied
find: ‘/proc/1760/task/1770/ns’: Permission denied
find: ‘/proc/1760/fd’: Permission denied
find: ‘/proc/1760/map_files’: Permission denied
find: ‘/proc/1760/fdinfo’: Permission denied
find: ‘/proc/1760/ns’: Permission denied
find: ‘/proc/1768/task/1768/fd’: Permission denied
find: ‘/proc/1768/task/1768/fdinfo’: Permission denied
find: ‘/proc/1768/task/1768/ns’: Permission denied
find: ‘/proc/1768/task/1772/fd’: Permission denied
find: ‘/proc/1768/task/1772/fdinfo’: Permission denied
find: ‘/proc/1768/task/1772/ns’: Permission denied
find: ‘/proc/1768/task/1773/fd’: Permission denied
find: ‘/proc/1768/task/1773/fdinfo’: Permission denied
find: ‘/proc/1768/task/1773/ns’: Permission denied
find: ‘/proc/1768/task/1774/fd’: Permission denied
find: ‘/proc/1768/task/1774/fdinfo’: Permission denied
find: ‘/proc/1768/task/1774/ns’: Permission denied
find: ‘/proc/1768/task/1775/fd’: Permission denied
find: ‘/proc/1768/task/1775/fdinfo’: Permission denied
find: ‘/proc/1768/task/1775/ns’: Permission denied
find: ‘/proc/1768/task/1776/fd’: Permission denied
find: ‘/proc/1768/task/1776/fdinfo’: Permission denied
find: ‘/proc/1768/task/1776/ns’: Permission denied
find: ‘/proc/1768/task/1777/fd’: Permission denied
find: ‘/proc/1768/task/1777/fdinfo’: Permission denied
find: ‘/proc/1768/task/1777/ns’: Permission denied
find: ‘/proc/1768/task/1779/fd’: Permission denied
find: ‘/proc/1768/task/1779/fdinfo’: Permission denied
find: ‘/proc/1768/task/1779/ns’: Permission denied
find: ‘/proc/1768/fd’: Permission denied
find: ‘/proc/1768/map_files’: Permission denied
find: ‘/proc/1768/fdinfo’: Permission denied
find: ‘/proc/1768/ns’: Permission denied
find: ‘/proc/1786/task/1786/fd’: Permission denied
find: ‘/proc/1786/task/1786/fdinfo’: Permission denied
find: ‘/proc/1786/task/1786/ns’: Permission denied
find: ‘/proc/1786/task/1789/fd’: Permission denied
find: ‘/proc/1786/task/1789/fdinfo’: Permission denied
find: ‘/proc/1786/task/1789/ns’: Permission denied
find: ‘/proc/1786/task/1790/fd’: Permission denied
find: ‘/proc/1786/task/1790/fdinfo’: Permission denied
find: ‘/proc/1786/task/1790/ns’: Permission denied
find: ‘/proc/1786/task/1795/fd’: Permission denied
find: ‘/proc/1786/task/1795/fdinfo’: Permission denied
find: ‘/proc/1786/task/1795/ns’: Permission denied
find: ‘/proc/1786/task/1798/fd’: Permission denied
find: ‘/proc/1786/task/1798/fdinfo’: Permission denied
find: ‘/proc/1786/task/1798/ns’: Permission denied
find: ‘/proc/1786/task/1799/fd’: Permission denied
find: ‘/proc/1786/task/1799/fdinfo’: Permission denied
find: ‘/proc/1786/task/1799/ns’: Permission denied
find: ‘/proc/1786/task/1800/fd’: Permission denied
find: ‘/proc/1786/task/1800/fdinfo’: Permission denied
find: ‘/proc/1786/task/1800/ns’: Permission denied
find: ‘/proc/1786/task/1805/fd’: Permission denied
find: ‘/proc/1786/task/1805/fdinfo’: Permission denied
find: ‘/proc/1786/task/1805/ns’: Permission denied
find: ‘/proc/1786/task/1806/fd’: Permission denied
find: ‘/proc/1786/task/1806/fdinfo’: Permission denied
find: ‘/proc/1786/task/1806/ns’: Permission denied
find: ‘/proc/1786/task/1807/fd’: Permission denied
find: ‘/proc/1786/task/1807/fdinfo’: Permission denied
find: ‘/proc/1786/task/1807/ns’: Permission denied
find: ‘/proc/1786/fd’: Permission denied
find: ‘/proc/1786/map_files’: Permission denied
find: ‘/proc/1786/fdinfo’: Permission denied
find: ‘/proc/1786/ns’: Permission denied
find: ‘/proc/1804/task/1804/fd’: Permission denied
find: ‘/proc/1804/task/1804/fdinfo’: Permission denied
find: ‘/proc/1804/task/1804/ns’: Permission denied
find: ‘/proc/1804/task/1811/fd’: Permission denied
find: ‘/proc/1804/task/1811/fdinfo’: Permission denied
find: ‘/proc/1804/task/1811/ns’: Permission denied
find: ‘/proc/1804/task/1812/fd’: Permission denied
find: ‘/proc/1804/task/1812/fdinfo’: Permission denied
find: ‘/proc/1804/task/1812/ns’: Permission denied
find: ‘/proc/1804/task/1813/fd’: Permission denied
find: ‘/proc/1804/task/1813/fdinfo’: Permission denied
find: ‘/proc/1804/task/1813/ns’: Permission denied
find: ‘/proc/1804/task/1814/fd’: Permission denied
find: ‘/proc/1804/task/1814/fdinfo’: Permission denied
find: ‘/proc/1804/task/1814/ns’: Permission denied
find: ‘/proc/1804/task/1815/fd’: Permission denied
find: ‘/proc/1804/task/1815/fdinfo’: Permission denied
find: ‘/proc/1804/task/1815/ns’: Permission denied
find: ‘/proc/1804/fd’: Permission denied
find: ‘/proc/1804/map_files’: Permission denied
find: ‘/proc/1804/fdinfo’: Permission denied
find: ‘/proc/1804/ns’: Permission denied
find: ‘/proc/1820/task/1820/fd’: Permission denied
find: ‘/proc/1820/task/1820/fdinfo’: Permission denied
find: ‘/proc/1820/task/1820/ns’: Permission denied
find: ‘/proc/1820/task/1821/fd’: Permission denied
find: ‘/proc/1820/task/1821/fdinfo’: Permission denied
find: ‘/proc/1820/task/1821/ns’: Permission denied
find: ‘/proc/1820/task/1822/fd’: Permission denied
find: ‘/proc/1820/task/1822/fdinfo’: Permission denied
find: ‘/proc/1820/task/1822/ns’: Permission denied
find: ‘/proc/1820/task/1823/fd’: Permission denied
find: ‘/proc/1820/task/1823/fdinfo’: Permission denied
find: ‘/proc/1820/task/1823/ns’: Permission denied
find: ‘/proc/1820/task/1824/fd’: Permission denied
find: ‘/proc/1820/task/1824/fdinfo’: Permission denied
find: ‘/proc/1820/task/1824/ns’: Permission denied
find: ‘/proc/1820/task/1825/fd’: Permission denied
find: ‘/proc/1820/task/1825/fdinfo’: Permission denied
find: ‘/proc/1820/task/1825/ns’: Permission denied
find: ‘/proc/1820/task/1827/fd’: Permission denied
find: ‘/proc/1820/task/1827/fdinfo’: Permission denied
find: ‘/proc/1820/task/1827/ns’: Permission denied
find: ‘/proc/1820/task/1828/fd’: Permission denied
find: ‘/proc/1820/task/1828/fdinfo’: Permission denied
find: ‘/proc/1820/task/1828/ns’: Permission denied
find: ‘/proc/1820/fd’: Permission denied
find: ‘/proc/1820/map_files’: Permission denied
find: ‘/proc/1820/fdinfo’: Permission denied
find: ‘/proc/1820/ns’: Permission denied
find: ‘/proc/1826/task/1826/fd’: Permission denied
find: ‘/proc/1826/task/1826/fdinfo’: Permission denied
find: ‘/proc/1826/task/1826/ns’: Permission denied
find: ‘/proc/1826/task/1833/fd’: Permission denied
find: ‘/proc/1826/task/1833/fdinfo’: Permission denied
find: ‘/proc/1826/task/1833/ns’: Permission denied
find: ‘/proc/1826/task/1834/fd’: Permission denied
find: ‘/proc/1826/task/1834/fdinfo’: Permission denied
find: ‘/proc/1826/task/1834/ns’: Permission denied
find: ‘/proc/1826/task/1835/fd’: Permission denied
find: ‘/proc/1826/task/1835/fdinfo’: Permission denied
find: ‘/proc/1826/task/1835/ns’: Permission denied
find: ‘/proc/1826/task/1837/fd’: Permission denied
find: ‘/proc/1826/task/1837/fdinfo’: Permission denied
find: ‘/proc/1826/task/1837/ns’: Permission denied
find: ‘/proc/1826/task/1838/fd’: Permission denied
find: ‘/proc/1826/task/1838/fdinfo’: Permission denied
find: ‘/proc/1826/task/1838/ns’: Permission denied
find: ‘/proc/1826/task/1839/fd’: Permission denied
find: ‘/proc/1826/task/1839/fdinfo’: Permission denied
find: ‘/proc/1826/task/1839/ns’: Permission denied
find: ‘/proc/1826/task/1840/fd’: Permission denied
find: ‘/proc/1826/task/1840/fdinfo’: Permission denied
find: ‘/proc/1826/task/1840/ns’: Permission denied
find: ‘/proc/1826/task/1842/fd’: Permission denied
find: ‘/proc/1826/task/1842/fdinfo’: Permission denied
find: ‘/proc/1826/task/1842/ns’: Permission denied
find: ‘/proc/1826/fd’: Permission denied
find: ‘/proc/1826/map_files’: Permission denied
find: ‘/proc/1826/fdinfo’: Permission denied
find: ‘/proc/1826/ns’: Permission denied
find: ‘/proc/1843/task/1843/fd’: Permission denied
find: ‘/proc/1843/task/1843/fdinfo’: Permission denied
find: ‘/proc/1843/task/1843/ns’: Permission denied
find: ‘/proc/1843/task/1844/fd’: Permission denied
find: ‘/proc/1843/task/1844/fdinfo’: Permission denied
find: ‘/proc/1843/task/1844/ns’: Permission denied
find: ‘/proc/1843/task/1845/fd’: Permission denied
find: ‘/proc/1843/task/1845/fdinfo’: Permission denied
find: ‘/proc/1843/task/1845/ns’: Permission denied
find: ‘/proc/1843/task/1846/fd’: Permission denied
find: ‘/proc/1843/task/1846/fdinfo’: Permission denied
find: ‘/proc/1843/task/1846/ns’: Permission denied
find: ‘/proc/1843/task/1847/fd’: Permission denied
find: ‘/proc/1843/task/1847/fdinfo’: Permission denied
find: ‘/proc/1843/task/1847/ns’: Permission denied
find: ‘/proc/1843/task/1848/fd’: Permission denied
find: ‘/proc/1843/task/1848/fdinfo’: Permission denied
find: ‘/proc/1843/task/1848/ns’: Permission denied
find: ‘/proc/1843/task/1850/fd’: Permission denied
find: ‘/proc/1843/task/1850/fdinfo’: Permission denied
find: ‘/proc/1843/task/1850/ns’: Permission denied
find: ‘/proc/1843/task/1851/fd’: Permission denied
find: ‘/proc/1843/task/1851/fdinfo’: Permission denied
find: ‘/proc/1843/task/1851/ns’: Permission denied
find: ‘/proc/1843/fd’: Permission denied
find: ‘/proc/1843/map_files’: Permission denied
find: ‘/proc/1843/fdinfo’: Permission denied
find: ‘/proc/1843/ns’: Permission denied
find: ‘/proc/1852/task/1852/fd’: Permission denied
find: ‘/proc/1852/task/1852/fdinfo’: Permission denied
find: ‘/proc/1852/task/1852/ns’: Permission denied
find: ‘/proc/1852/task/1854/fd’: Permission denied
find: ‘/proc/1852/task/1854/fdinfo’: Permission denied
find: ‘/proc/1852/task/1854/ns’: Permission denied
find: ‘/proc/1852/task/1855/fd’: Permission denied
find: ‘/proc/1852/task/1855/fdinfo’: Permission denied
find: ‘/proc/1852/task/1855/ns’: Permission denied
find: ‘/proc/1852/task/1856/fd’: Permission denied
find: ‘/proc/1852/task/1856/fdinfo’: Permission denied
find: ‘/proc/1852/task/1856/ns’: Permission denied
find: ‘/proc/1852/task/1857/fd’: Permission denied
find: ‘/proc/1852/task/1857/fdinfo’: Permission denied
find: ‘/proc/1852/task/1857/ns’: Permission denied
find: ‘/proc/1852/task/1858/fd’: Permission denied
find: ‘/proc/1852/task/1858/fdinfo’: Permission denied
find: ‘/proc/1852/task/1858/ns’: Permission denied
find: ‘/proc/1852/task/1859/fd’: Permission denied
find: ‘/proc/1852/task/1859/fdinfo’: Permission denied
find: ‘/proc/1852/task/1859/ns’: Permission denied
find: ‘/proc/1852/task/1860/fd’: Permission denied
find: ‘/proc/1852/task/1860/fdinfo’: Permission denied
find: ‘/proc/1852/task/1860/ns’: Permission denied
find: ‘/proc/1852/task/1861/fd’: Permission denied
find: ‘/proc/1852/task/1861/fdinfo’: Permission denied
find: ‘/proc/1852/task/1861/ns’: Permission denied
find: ‘/proc/1852/fd’: Permission denied
find: ‘/proc/1852/map_files’: Permission denied
find: ‘/proc/1852/fdinfo’: Permission denied
find: ‘/proc/1852/ns’: Permission denied
find: ‘/proc/1907/task/1907/fd’: Permission denied
find: ‘/proc/1907/task/1907/fdinfo’: Permission denied
find: ‘/proc/1907/task/1907/ns’: Permission denied
find: ‘/proc/1907/task/1916/fd’: Permission denied
find: ‘/proc/1907/task/1916/fdinfo’: Permission denied
find: ‘/proc/1907/task/1916/ns’: Permission denied
find: ‘/proc/1907/task/1917/fd’: Permission denied
find: ‘/proc/1907/task/1917/fdinfo’: Permission denied
find: ‘/proc/1907/task/1917/ns’: Permission denied
find: ‘/proc/1907/task/1918/fd’: Permission denied
find: ‘/proc/1907/task/1918/fdinfo’: Permission denied
find: ‘/proc/1907/task/1918/ns’: Permission denied
find: ‘/proc/1907/task/1919/fd’: Permission denied
find: ‘/proc/1907/task/1919/fdinfo’: Permission denied
find: ‘/proc/1907/task/1919/ns’: Permission denied
find: ‘/proc/1907/task/1920/fd’: Permission denied
find: ‘/proc/1907/task/1920/fdinfo’: Permission denied
find: ‘/proc/1907/task/1920/ns’: Permission denied
find: ‘/proc/1907/task/1926/fd’: Permission denied
find: ‘/proc/1907/task/1926/fdinfo’: Permission denied
find: ‘/proc/1907/task/1926/ns’: Permission denied
find: ‘/proc/1907/task/1929/fd’: Permission denied
find: ‘/proc/1907/task/1929/fdinfo’: Permission denied
find: ‘/proc/1907/task/1929/ns’: Permission denied
find: ‘/proc/1907/task/1932/fd’: Permission denied
find: ‘/proc/1907/task/1932/fdinfo’: Permission denied
find: ‘/proc/1907/task/1932/ns’: Permission denied
find: ‘/proc/1907/task/1933/fd’: Permission denied
find: ‘/proc/1907/task/1933/fdinfo’: Permission denied
find: ‘/proc/1907/task/1933/ns’: Permission denied
find: ‘/proc/1907/task/4087/fd’: Permission denied
find: ‘/proc/1907/task/4087/fdinfo’: Permission denied
find: ‘/proc/1907/task/4087/ns’: Permission denied
find: ‘/proc/1907/fd’: Permission denied
find: ‘/proc/1907/map_files’: Permission denied
find: ‘/proc/1907/fdinfo’: Permission denied
find: ‘/proc/1907/ns’: Permission denied
find: ‘/proc/1908/task/1908/fd’: Permission denied
find: ‘/proc/1908/task/1908/fdinfo’: Permission denied
find: ‘/proc/1908/task/1908/ns’: Permission denied
find: ‘/proc/1908/task/1912/fd’: Permission denied
find: ‘/proc/1908/task/1912/fdinfo’: Permission denied
find: ‘/proc/1908/task/1912/ns’: Permission denied
find: ‘/proc/1908/task/1913/fd’: Permission denied
find: ‘/proc/1908/task/1913/fdinfo’: Permission denied
find: ‘/proc/1908/task/1913/ns’: Permission denied
find: ‘/proc/1908/task/1914/fd’: Permission denied
find: ‘/proc/1908/task/1914/fdinfo’: Permission denied
find: ‘/proc/1908/task/1914/ns’: Permission denied
find: ‘/proc/1908/task/1915/fd’: Permission denied
find: ‘/proc/1908/task/1915/fdinfo’: Permission denied
find: ‘/proc/1908/task/1915/ns’: Permission denied
find: ‘/proc/1908/task/1921/fd’: Permission denied
find: ‘/proc/1908/task/1921/fdinfo’: Permission denied
find: ‘/proc/1908/task/1921/ns’: Permission denied
find: ‘/proc/1908/task/1934/fd’: Permission denied
find: ‘/proc/1908/task/1934/fdinfo’: Permission denied
find: ‘/proc/1908/task/1934/ns’: Permission denied
find: ‘/proc/1908/task/1935/fd’: Permission denied
find: ‘/proc/1908/task/1935/fdinfo’: Permission denied
find: ‘/proc/1908/task/1935/ns’: Permission denied
find: ‘/proc/1908/task/1936/fd’: Permission denied
find: ‘/proc/1908/task/1936/fdinfo’: Permission denied
find: ‘/proc/1908/task/1936/ns’: Permission denied
find: ‘/proc/1908/task/2105/fd’: Permission denied
find: ‘/proc/1908/task/2105/fdinfo’: Permission denied
find: ‘/proc/1908/task/2105/ns’: Permission denied
find: ‘/proc/1908/task/3472/fd’: Permission denied
find: ‘/proc/1908/task/3472/fdinfo’: Permission denied
find: ‘/proc/1908/task/3472/ns’: Permission denied
find: ‘/proc/1908/fd’: Permission denied
find: ‘/proc/1908/map_files’: Permission denied
find: ‘/proc/1908/fdinfo’: Permission denied
find: ‘/proc/1908/ns’: Permission denied
find: ‘/proc/1911/task/1911/fd’: Permission denied
find: ‘/proc/1911/task/1911/fdinfo’: Permission denied
find: ‘/proc/1911/task/1911/ns’: Permission denied
find: ‘/proc/1911/task/1922/fd’: Permission denied
find: ‘/proc/1911/task/1922/fdinfo’: Permission denied
find: ‘/proc/1911/task/1922/ns’: Permission denied
find: ‘/proc/1911/task/1923/fd’: Permission denied
find: ‘/proc/1911/task/1923/fdinfo’: Permission denied
find: ‘/proc/1911/task/1923/ns’: Permission denied
find: ‘/proc/1911/task/1924/fd’: Permission denied
find: ‘/proc/1911/task/1924/fdinfo’: Permission denied
find: ‘/proc/1911/task/1924/ns’: Permission denied
find: ‘/proc/1911/task/1925/fd’: Permission denied
find: ‘/proc/1911/task/1925/fdinfo’: Permission denied
find: ‘/proc/1911/task/1925/ns’: Permission denied
find: ‘/proc/1911/task/1927/fd’: Permission denied
find: ‘/proc/1911/task/1927/fdinfo’: Permission denied
find: ‘/proc/1911/task/1927/ns’: Permission denied
find: ‘/proc/1911/task/1928/fd’: Permission denied
find: ‘/proc/1911/task/1928/fdinfo’: Permission denied
find: ‘/proc/1911/task/1928/ns’: Permission denied
find: ‘/proc/1911/task/1930/fd’: Permission denied
find: ‘/proc/1911/task/1930/fdinfo’: Permission denied
find: ‘/proc/1911/task/1930/ns’: Permission denied
find: ‘/proc/1911/task/1931/fd’: Permission denied
find: ‘/proc/1911/task/1931/fdinfo’: Permission denied
find: ‘/proc/1911/task/1931/ns’: Permission denied
find: ‘/proc/1911/task/1937/fd’: Permission denied
find: ‘/proc/1911/task/1937/fdinfo’: Permission denied
find: ‘/proc/1911/task/1937/ns’: Permission denied
find: ‘/proc/1911/task/1938/fd’: Permission denied
find: ‘/proc/1911/task/1938/fdinfo’: Permission denied
find: ‘/proc/1911/task/1938/ns’: Permission denied
find: ‘/proc/1911/task/4506/fd’: Permission denied
find: ‘/proc/1911/task/4506/fdinfo’: Permission denied
find: ‘/proc/1911/task/4506/ns’: Permission denied
find: ‘/proc/1911/fd’: Permission denied
find: ‘/proc/1911/map_files’: Permission denied
find: ‘/proc/1911/fdinfo’: Permission denied
find: ‘/proc/1911/ns’: Permission denied
find: ‘/proc/1970/task/1970/fd’: Permission denied
find: ‘/proc/1970/task/1970/fdinfo’: Permission denied
find: ‘/proc/1970/task/1970/ns’: Permission denied
find: ‘/proc/1970/fd’: Permission denied
find: ‘/proc/1970/map_files’: Permission denied
find: ‘/proc/1970/fdinfo’: Permission denied
find: ‘/proc/1970/ns’: Permission denied
find: ‘/proc/1971/task/1971/fd’: Permission denied
find: ‘/proc/1971/task/1971/fdinfo’: Permission denied
find: ‘/proc/1971/task/1971/ns’: Permission denied
find: ‘/proc/1971/task/2142/fd’: Permission denied
find: ‘/proc/1971/task/2142/fdinfo’: Permission denied
find: ‘/proc/1971/task/2142/ns’: Permission denied
find: ‘/proc/1971/task/2143/fd’: Permission denied
find: ‘/proc/1971/task/2143/fdinfo’: Permission denied
find: ‘/proc/1971/task/2143/ns’: Permission denied
find: ‘/proc/1971/task/2144/fd’: Permission denied
find: ‘/proc/1971/task/2144/fdinfo’: Permission denied
find: ‘/proc/1971/task/2144/ns’: Permission denied
find: ‘/proc/1971/fd’: Permission denied
find: ‘/proc/1971/map_files’: Permission denied
find: ‘/proc/1971/fdinfo’: Permission denied
find: ‘/proc/1971/ns’: Permission denied
find: ‘/proc/1972/task/1972/fd’: Permission denied
find: ‘/proc/1972/task/1972/fdinfo’: Permission denied
find: ‘/proc/1972/task/1972/ns’: Permission denied
find: ‘/proc/1972/fd’: Permission denied
find: ‘/proc/1972/map_files’: Permission denied
find: ‘/proc/1972/fdinfo’: Permission denied
find: ‘/proc/1972/ns’: Permission denied
find: ‘/proc/2120/task/2120/fd’: Permission denied
find: ‘/proc/2120/task/2120/fdinfo’: Permission denied
find: ‘/proc/2120/task/2120/ns’: Permission denied
find: ‘/proc/2120/fd’: Permission denied
find: ‘/proc/2120/map_files’: Permission denied
find: ‘/proc/2120/fdinfo’: Permission denied
find: ‘/proc/2120/ns’: Permission denied
find: ‘/proc/2147/task/2147/fd’: Permission denied
find: ‘/proc/2147/task/2147/fdinfo’: Permission denied
find: ‘/proc/2147/task/2147/ns’: Permission denied
find: ‘/proc/2147/task/2162/fd’: Permission denied
find: ‘/proc/2147/task/2162/fdinfo’: Permission denied
find: ‘/proc/2147/task/2162/ns’: Permission denied
find: ‘/proc/2147/task/2165/fd’: Permission denied
find: ‘/proc/2147/task/2165/fdinfo’: Permission denied
find: ‘/proc/2147/task/2165/ns’: Permission denied
find: ‘/proc/2147/task/2166/fd’: Permission denied
find: ‘/proc/2147/task/2166/fdinfo’: Permission denied
find: ‘/proc/2147/task/2166/ns’: Permission denied
find: ‘/proc/2147/task/2173/fd’: Permission denied
find: ‘/proc/2147/task/2173/fdinfo’: Permission denied
find: ‘/proc/2147/task/2173/ns’: Permission denied
find: ‘/proc/2147/task/2174/fd’: Permission denied
find: ‘/proc/2147/task/2174/fdinfo’: Permission denied
find: ‘/proc/2147/task/2174/ns’: Permission denied
find: ‘/proc/2147/task/2175/fd’: Permission denied
find: ‘/proc/2147/task/2175/fdinfo’: Permission denied
find: ‘/proc/2147/task/2175/ns’: Permission denied
find: ‘/proc/2147/task/2176/fd’: Permission denied
find: ‘/proc/2147/task/2176/fdinfo’: Permission denied
find: ‘/proc/2147/task/2176/ns’: Permission denied
find: ‘/proc/2147/task/2177/fd’: Permission denied
find: ‘/proc/2147/task/2177/fdinfo’: Permission denied
find: ‘/proc/2147/task/2177/ns’: Permission denied
find: ‘/proc/2147/task/2178/fd’: Permission denied
find: ‘/proc/2147/task/2178/fdinfo’: Permission denied
find: ‘/proc/2147/task/2178/ns’: Permission denied
find: ‘/proc/2147/task/2179/fd’: Permission denied
find: ‘/proc/2147/task/2179/fdinfo’: Permission denied
find: ‘/proc/2147/task/2179/ns’: Permission denied
find: ‘/proc/2147/task/2180/fd’: Permission denied
find: ‘/proc/2147/task/2180/fdinfo’: Permission denied
find: ‘/proc/2147/task/2180/ns’: Permission denied
find: ‘/proc/2147/task/2181/fd’: Permission denied
find: ‘/proc/2147/task/2181/fdinfo’: Permission denied
find: ‘/proc/2147/task/2181/ns’: Permission denied
find: ‘/proc/2147/task/2182/fd’: Permission denied
find: ‘/proc/2147/task/2182/fdinfo’: Permission denied
find: ‘/proc/2147/task/2182/ns’: Permission denied
find: ‘/proc/2147/task/2183/fd’: Permission denied
find: ‘/proc/2147/task/2183/fdinfo’: Permission denied
find: ‘/proc/2147/task/2183/ns’: Permission denied
find: ‘/proc/2147/task/2184/fd’: Permission denied
find: ‘/proc/2147/task/2184/fdinfo’: Permission denied
find: ‘/proc/2147/task/2184/ns’: Permission denied
find: ‘/proc/2147/task/2185/fd’: Permission denied
find: ‘/proc/2147/task/2185/fdinfo’: Permission denied
find: ‘/proc/2147/task/2185/ns’: Permission denied
find: ‘/proc/2147/task/2186/fd’: Permission denied
find: ‘/proc/2147/task/2186/fdinfo’: Permission denied
find: ‘/proc/2147/task/2186/ns’: Permission denied
find: ‘/proc/2147/task/2187/fd’: Permission denied
find: ‘/proc/2147/task/2187/fdinfo’: Permission denied
find: ‘/proc/2147/task/2187/ns’: Permission denied
find: ‘/proc/2147/task/2188/fd’: Permission denied
find: ‘/proc/2147/task/2188/fdinfo’: Permission denied
find: ‘/proc/2147/task/2188/ns’: Permission denied
find: ‘/proc/2147/task/2189/fd’: Permission denied
find: ‘/proc/2147/task/2189/fdinfo’: Permission denied
find: ‘/proc/2147/task/2189/ns’: Permission denied
find: ‘/proc/2147/task/2190/fd’: Permission denied
find: ‘/proc/2147/task/2190/fdinfo’: Permission denied
find: ‘/proc/2147/task/2190/ns’: Permission denied
find: ‘/proc/2147/task/2191/fd’: Permission denied
find: ‘/proc/2147/task/2191/fdinfo’: Permission denied
find: ‘/proc/2147/task/2191/ns’: Permission denied
find: ‘/proc/2147/task/2192/fd’: Permission denied
find: ‘/proc/2147/task/2192/fdinfo’: Permission denied
find: ‘/proc/2147/task/2192/ns’: Permission denied
find: ‘/proc/2147/task/2193/fd’: Permission denied
find: ‘/proc/2147/task/2193/fdinfo’: Permission denied
find: ‘/proc/2147/task/2193/ns’: Permission denied
find: ‘/proc/2147/task/2194/fd’: Permission denied
find: ‘/proc/2147/task/2194/fdinfo’: Permission denied
find: ‘/proc/2147/task/2194/ns’: Permission denied
find: ‘/proc/2147/task/2195/fd’: Permission denied
find: ‘/proc/2147/task/2195/fdinfo’: Permission denied
find: ‘/proc/2147/task/2195/ns’: Permission denied
find: ‘/proc/2147/task/2196/fd’: Permission denied
find: ‘/proc/2147/task/2196/fdinfo’: Permission denied
find: ‘/proc/2147/task/2196/ns’: Permission denied
find: ‘/proc/2147/fd’: Permission denied
find: ‘/proc/2147/map_files’: Permission denied
find: ‘/proc/2147/fdinfo’: Permission denied
find: ‘/proc/2147/ns’: Permission denied
find: ‘/proc/2167/task/2167/fd’: Permission denied
find: ‘/proc/2167/task/2167/fdinfo’: Permission denied
find: ‘/proc/2167/task/2167/ns’: Permission denied
find: ‘/proc/2167/fd’: Permission denied
find: ‘/proc/2167/map_files’: Permission denied
find: ‘/proc/2167/fdinfo’: Permission denied
find: ‘/proc/2167/ns’: Permission denied
find: ‘/proc/2254/task/2254/fd’: Permission denied
find: ‘/proc/2254/task/2254/fdinfo’: Permission denied
find: ‘/proc/2254/task/2254/ns’: Permission denied
find: ‘/proc/2254/task/2256/fd’: Permission denied
find: ‘/proc/2254/task/2256/fdinfo’: Permission denied
find: ‘/proc/2254/task/2256/ns’: Permission denied
find: ‘/proc/2254/task/2258/fd’: Permission denied
find: ‘/proc/2254/task/2258/fdinfo’: Permission denied
find: ‘/proc/2254/task/2258/ns’: Permission denied
find: ‘/proc/2254/fd’: Permission denied
find: ‘/proc/2254/map_files’: Permission denied
find: ‘/proc/2254/fdinfo’: Permission denied
find: ‘/proc/2254/ns’: Permission denied
find: ‘/proc/2281/task/2281/fd’: Permission denied
find: ‘/proc/2281/task/2281/fdinfo’: Permission denied
find: ‘/proc/2281/task/2281/ns’: Permission denied
find: ‘/proc/2281/fd’: Permission denied
find: ‘/proc/2281/map_files’: Permission denied
find: ‘/proc/2281/fdinfo’: Permission denied
find: ‘/proc/2281/ns’: Permission denied
find: ‘/proc/2283/task/2283/fd’: Permission denied
find: ‘/proc/2283/task/2283/fdinfo’: Permission denied
find: ‘/proc/2283/task/2283/ns’: Permission denied
find: ‘/proc/2283/fd’: Permission denied
find: ‘/proc/2283/map_files’: Permission denied
find: ‘/proc/2283/fdinfo’: Permission denied
find: ‘/proc/2283/ns’: Permission denied
find: ‘/proc/2284/task/2284/fd’: Permission denied
find: ‘/proc/2284/task/2284/fdinfo’: Permission denied
find: ‘/proc/2284/task/2284/ns’: Permission denied
find: ‘/proc/2284/fd’: Permission denied
find: ‘/proc/2284/map_files’: Permission denied
find: ‘/proc/2284/fdinfo’: Permission denied
find: ‘/proc/2284/ns’: Permission denied
find: ‘/proc/2336/task/2336/fd’: Permission denied
find: ‘/proc/2336/task/2336/fdinfo’: Permission denied
find: ‘/proc/2336/task/2336/ns’: Permission denied
find: ‘/proc/2336/fd’: Permission denied
find: ‘/proc/2336/map_files’: Permission denied
find: ‘/proc/2336/fdinfo’: Permission denied
find: ‘/proc/2336/ns’: Permission denied
find: ‘/proc/2337/task/2337/fd’: Permission denied
find: ‘/proc/2337/task/2337/fdinfo’: Permission denied
find: ‘/proc/2337/task/2337/ns’: Permission denied
find: ‘/proc/2337/fd’: Permission denied
find: ‘/proc/2337/map_files’: Permission denied
find: ‘/proc/2337/fdinfo’: Permission denied
find: ‘/proc/2337/ns’: Permission denied
find: ‘/proc/2354/task/2354/fd’: Permission denied
find: ‘/proc/2354/task/2354/fdinfo’: Permission denied
find: ‘/proc/2354/task/2354/ns’: Permission denied
find: ‘/proc/2354/fd’: Permission denied
find: ‘/proc/2354/map_files’: Permission denied
find: ‘/proc/2354/fdinfo’: Permission denied
find: ‘/proc/2354/ns’: Permission denied
find: ‘/proc/2401/task/2401/fd’: Permission denied
find: ‘/proc/2401/task/2401/fdinfo’: Permission denied
find: ‘/proc/2401/task/2401/ns’: Permission denied
find: ‘/proc/2401/fd’: Permission denied
find: ‘/proc/2401/map_files’: Permission denied
find: ‘/proc/2401/fdinfo’: Permission denied
find: ‘/proc/2401/ns’: Permission denied
find: ‘/proc/2402/task/2402/fd’: Permission denied
find: ‘/proc/2402/task/2402/fdinfo’: Permission denied
find: ‘/proc/2402/task/2402/ns’: Permission denied
find: ‘/proc/2402/fd’: Permission denied
find: ‘/proc/2402/map_files’: Permission denied
find: ‘/proc/2402/fdinfo’: Permission denied
find: ‘/proc/2402/ns’: Permission denied
find: ‘/proc/2404/task/2404/fd’: Permission denied
find: ‘/proc/2404/task/2404/fdinfo’: Permission denied
find: ‘/proc/2404/task/2404/ns’: Permission denied
find: ‘/proc/2404/fd’: Permission denied
find: ‘/proc/2404/map_files’: Permission denied
find: ‘/proc/2404/fdinfo’: Permission denied
find: ‘/proc/2404/ns’: Permission denied
find: ‘/proc/2405/task/2405/fd’: Permission denied
find: ‘/proc/2405/task/2405/fdinfo’: Permission denied
find: ‘/proc/2405/task/2405/ns’: Permission denied
find: ‘/proc/2405/fd’: Permission denied
find: ‘/proc/2405/map_files’: Permission denied
find: ‘/proc/2405/fdinfo’: Permission denied
find: ‘/proc/2405/ns’: Permission denied
find: ‘/proc/2407/task/2407/fd’: Permission denied
find: ‘/proc/2407/task/2407/fdinfo’: Permission denied
find: ‘/proc/2407/task/2407/ns’: Permission denied
find: ‘/proc/2407/fd’: Permission denied
find: ‘/proc/2407/map_files’: Permission denied
find: ‘/proc/2407/fdinfo’: Permission denied
find: ‘/proc/2407/ns’: Permission denied
find: ‘/proc/2408/task/2408/fd’: Permission denied
find: ‘/proc/2408/task/2408/fdinfo’: Permission denied
find: ‘/proc/2408/task/2408/ns’: Permission denied
find: ‘/proc/2408/fd’: Permission denied
find: ‘/proc/2408/map_files’: Permission denied
find: ‘/proc/2408/fdinfo’: Permission denied
find: ‘/proc/2408/ns’: Permission denied
find: ‘/proc/2409/task/2409/fd’: Permission denied
find: ‘/proc/2409/task/2409/fdinfo’: Permission denied
find: ‘/proc/2409/task/2409/ns’: Permission denied
find: ‘/proc/2409/fd’: Permission denied
find: ‘/proc/2409/map_files’: Permission denied
find: ‘/proc/2409/fdinfo’: Permission denied
find: ‘/proc/2409/ns’: Permission denied
find: ‘/proc/2418/task/2418/fd’: Permission denied
find: ‘/proc/2418/task/2418/fdinfo’: Permission denied
find: ‘/proc/2418/task/2418/ns’: Permission denied
find: ‘/proc/2418/fd’: Permission denied
find: ‘/proc/2418/map_files’: Permission denied
find: ‘/proc/2418/fdinfo’: Permission denied
find: ‘/proc/2418/ns’: Permission denied
find: ‘/proc/2537/task/2537/fd’: Permission denied
find: ‘/proc/2537/task/2537/fdinfo’: Permission denied
find: ‘/proc/2537/task/2537/ns’: Permission denied
find: ‘/proc/2537/fd’: Permission denied
find: ‘/proc/2537/map_files’: Permission denied
find: ‘/proc/2537/fdinfo’: Permission denied
find: ‘/proc/2537/ns’: Permission denied
find: ‘/proc/3002/task/3002/fd’: Permission denied
find: ‘/proc/3002/task/3002/fdinfo’: Permission denied
find: ‘/proc/3002/task/3002/ns’: Permission denied
find: ‘/proc/3002/fd’: Permission denied
find: ‘/proc/3002/map_files’: Permission denied
find: ‘/proc/3002/fdinfo’: Permission denied
find: ‘/proc/3002/ns’: Permission denied
find: ‘/proc/3409/task/3409/fd’: Permission denied
find: ‘/proc/3409/task/3409/fdinfo’: Permission denied
find: ‘/proc/3409/task/3409/ns’: Permission denied
find: ‘/proc/3409/fd’: Permission denied
find: ‘/proc/3409/map_files’: Permission denied
find: ‘/proc/3409/fdinfo’: Permission denied
find: ‘/proc/3409/ns’: Permission denied
find: ‘/proc/4974/task/4974/fd’: Permission denied
find: ‘/proc/4974/task/4974/fdinfo’: Permission denied
find: ‘/proc/4974/task/4974/ns’: Permission denied
find: ‘/proc/4974/fd’: Permission denied
find: ‘/proc/4974/map_files’: Permission denied
find: ‘/proc/4974/fdinfo’: Permission denied
find: ‘/proc/4974/ns’: Permission denied
find: ‘/proc/7516/task/7516/fd’: Permission denied
find: ‘/proc/7516/task/7516/fdinfo’: Permission denied
find: ‘/proc/7516/task/7516/ns’: Permission denied
find: ‘/proc/7516/fd’: Permission denied
find: ‘/proc/7516/map_files’: Permission denied
find: ‘/proc/7516/fdinfo’: Permission denied
find: ‘/proc/7516/ns’: Permission denied
find: ‘/proc/7532/task/7532/fd’: Permission denied
find: ‘/proc/7532/task/7532/fdinfo’: Permission denied
find: ‘/proc/7532/task/7532/ns’: Permission denied
find: ‘/proc/7532/task/7551/fd’: Permission denied
find: ‘/proc/7532/task/7551/fdinfo’: Permission denied
find: ‘/proc/7532/task/7551/ns’: Permission denied
find: ‘/proc/7532/fd’: Permission denied
find: ‘/proc/7532/map_files’: Permission denied
find: ‘/proc/7532/fdinfo’: Permission denied
find: ‘/proc/7532/ns’: Permission denied
find: ‘/proc/106681/task/106681/fd’: Permission denied
find: ‘/proc/106681/task/106681/fdinfo’: Permission denied
find: ‘/proc/106681/task/106681/ns’: Permission denied
find: ‘/proc/106681/fd’: Permission denied
find: ‘/proc/106681/map_files’: Permission denied
find: ‘/proc/106681/fdinfo’: Permission denied
find: ‘/proc/106681/ns’: Permission denied
find: ‘/proc/122970/task/122970/fd’: Permission denied
find: ‘/proc/122970/task/122970/fdinfo’: Permission denied
find: ‘/proc/122970/task/122970/ns’: Permission denied
find: ‘/proc/122970/fd’: Permission denied
find: ‘/proc/122970/map_files’: Permission denied
find: ‘/proc/122970/fdinfo’: Permission denied
find: ‘/proc/122970/ns’: Permission denied
find: ‘/proc/124190/task/124190/fd’: Permission denied
find: ‘/proc/124190/task/124190/fdinfo’: Permission denied
find: ‘/proc/124190/task/124190/ns’: Permission denied
find: ‘/proc/124190/fd’: Permission denied
find: ‘/proc/124190/map_files’: Permission denied
find: ‘/proc/124190/fdinfo’: Permission denied
find: ‘/proc/124190/ns’: Permission denied
find: ‘/proc/124193/task/124193/fd’: Permission denied
find: ‘/proc/124193/task/124193/fdinfo’: Permission denied
find: ‘/proc/124193/task/124193/ns’: Permission denied
find: ‘/proc/124193/task/124196/fd’: Permission denied
find: ‘/proc/124193/task/124196/fdinfo’: Permission denied
find: ‘/proc/124193/task/124196/ns’: Permission denied
find: ‘/proc/124193/task/124197/fd’: Permission denied
find: ‘/proc/124193/task/124197/fdinfo’: Permission denied
find: ‘/proc/124193/task/124197/ns’: Permission denied
find: ‘/proc/124193/fd’: Permission denied
find: ‘/proc/124193/map_files’: Permission denied
find: ‘/proc/124193/fdinfo’: Permission denied
find: ‘/proc/124193/ns’: Permission denied
find: ‘/proc/125369/task/125369/fd’: Permission denied
find: ‘/proc/125369/task/125369/fdinfo’: Permission denied
find: ‘/proc/125369/task/125369/ns’: Permission denied
find: ‘/proc/125369/fd’: Permission denied
find: ‘/proc/125369/map_files’: Permission denied
find: ‘/proc/125369/fdinfo’: Permission denied
find: ‘/proc/125369/ns’: Permission denied
find: ‘/proc/131357/task/131357/fd’: Permission denied
find: ‘/proc/131357/task/131357/fdinfo’: Permission denied
find: ‘/proc/131357/task/131357/ns’: Permission denied
find: ‘/proc/131357/fd’: Permission denied
find: ‘/proc/131357/map_files’: Permission denied
find: ‘/proc/131357/fdinfo’: Permission denied
find: ‘/proc/131357/ns’: Permission denied
find: ‘/proc/134132/task/134132/fd’: Permission denied
find: ‘/proc/134132/task/134132/fdinfo’: Permission denied
find: ‘/proc/134132/task/134132/ns’: Permission denied
find: ‘/proc/134132/fd’: Permission denied
find: ‘/proc/134132/map_files’: Permission denied
find: ‘/proc/134132/fdinfo’: Permission denied
find: ‘/proc/134132/ns’: Permission denied
find: ‘/proc/134952/task/134952/fd’: Permission denied
find: ‘/proc/134952/task/134952/fdinfo’: Permission denied
find: ‘/proc/134952/task/134952/ns’: Permission denied
find: ‘/proc/134952/fd’: Permission denied
find: ‘/proc/134952/map_files’: Permission denied
find: ‘/proc/134952/fdinfo’: Permission denied
find: ‘/proc/134952/ns’: Permission denied
find: ‘/proc/136280/task/136280/fd’: Permission denied
find: ‘/proc/136280/task/136280/fdinfo’: Permission denied
find: ‘/proc/136280/task/136280/ns’: Permission denied
find: ‘/proc/136280/fd’: Permission denied
find: ‘/proc/136280/map_files’: Permission denied
find: ‘/proc/136280/fdinfo’: Permission denied
find: ‘/proc/136280/ns’: Permission denied
find: ‘/proc/136670/task/136670/fd’: Permission denied
find: ‘/proc/136670/task/136670/fdinfo’: Permission denied
find: ‘/proc/136670/task/136670/ns’: Permission denied
find: ‘/proc/136670/fd’: Permission denied
find: ‘/proc/136670/map_files’: Permission denied
find: ‘/proc/136670/fdinfo’: Permission denied
find: ‘/proc/136670/ns’: Permission denied
find: ‘/proc/137044/task/137044/fd’: Permission denied
find: ‘/proc/137044/task/137044/fdinfo’: Permission denied
find: ‘/proc/137044/task/137044/ns’: Permission denied
find: ‘/proc/137044/fd’: Permission denied
find: ‘/proc/137044/map_files’: Permission denied
find: ‘/proc/137044/fdinfo’: Permission denied
find: ‘/proc/137044/ns’: Permission denied
find: ‘/proc/137123/task/137123/fd’: Permission denied
find: ‘/proc/137123/task/137123/fdinfo’: Permission denied
find: ‘/proc/137123/task/137123/ns’: Permission denied
find: ‘/proc/137123/fd’: Permission denied
find: ‘/proc/137123/map_files’: Permission denied
find: ‘/proc/137123/fdinfo’: Permission denied
find: ‘/proc/137123/ns’: Permission denied
find: ‘/proc/137197/task/137197/fd’: Permission denied
find: ‘/proc/137197/task/137197/fdinfo’: Permission denied
find: ‘/proc/137197/task/137197/ns’: Permission denied
find: ‘/proc/137197/fd’: Permission denied
find: ‘/proc/137197/map_files’: Permission denied
find: ‘/proc/137197/fdinfo’: Permission denied
find: ‘/proc/137197/ns’: Permission denied
find: ‘/proc/137273/task/137273/fd’: Permission denied
find: ‘/proc/137273/task/137273/fdinfo’: Permission denied
find: ‘/proc/137273/task/137273/ns’: Permission denied
find: ‘/proc/137273/fd’: Permission denied
find: ‘/proc/137273/map_files’: Permission denied
find: ‘/proc/137273/fdinfo’: Permission denied
find: ‘/proc/137273/ns’: Permission denied
find: ‘/proc/137506/task/137506/fd’: Permission denied
find: ‘/proc/137506/task/137506/fdinfo’: Permission denied
find: ‘/proc/137506/task/137506/ns’: Permission denied
find: ‘/proc/137506/fd’: Permission denied
find: ‘/proc/137506/map_files’: Permission denied
find: ‘/proc/137506/fdinfo’: Permission denied
find: ‘/proc/137506/ns’: Permission denied
find: ‘/proc/137561/task/137561/fd’: Permission denied
find: ‘/proc/137561/task/137561/fdinfo’: Permission denied
find: ‘/proc/137561/task/137561/ns’: Permission denied
find: ‘/proc/137561/fd’: Permission denied
find: ‘/proc/137561/map_files’: Permission denied
find: ‘/proc/137561/fdinfo’: Permission denied
find: ‘/proc/137561/ns’: Permission denied
find: ‘/proc/137575/task/137575/fd’: Permission denied
find: ‘/proc/137575/task/137575/fdinfo’: Permission denied
find: ‘/proc/137575/task/137575/ns’: Permission denied
find: ‘/proc/137575/fd’: Permission denied
find: ‘/proc/137575/map_files’: Permission denied
find: ‘/proc/137575/fdinfo’: Permission denied
find: ‘/proc/137575/ns’: Permission denied
find: ‘/proc/137591/task/137591/fd’: Permission denied
find: ‘/proc/137591/task/137591/fdinfo’: Permission denied
find: ‘/proc/137591/task/137591/ns’: Permission denied
find: ‘/proc/137591/fd’: Permission denied
find: ‘/proc/137591/map_files’: Permission denied
find: ‘/proc/137591/fdinfo’: Permission denied
find: ‘/proc/137591/ns’: Permission denied
find: ‘/proc/138046/task/138046/fd’: Permission denied
find: ‘/proc/138046/task/138046/fdinfo’: Permission denied
find: ‘/proc/138046/task/138046/ns’: Permission denied
find: ‘/proc/138046/fd’: Permission denied
find: ‘/proc/138046/map_files’: Permission denied
find: ‘/proc/138046/fdinfo’: Permission denied
find: ‘/proc/138046/ns’: Permission denied
find: ‘/proc/138070/task/138070/fd’: Permission denied
find: ‘/proc/138070/task/138070/fdinfo’: Permission denied
find: ‘/proc/138070/task/138070/ns’: Permission denied
find: ‘/proc/138070/fd’: Permission denied
find: ‘/proc/138070/map_files’: Permission denied
find: ‘/proc/138070/fdinfo’: Permission denied
find: ‘/proc/138070/ns’: Permission denied
find: ‘/proc/138643/task/138643/fd’: Permission denied
find: ‘/proc/138643/task/138643/fdinfo’: Permission denied
find: ‘/proc/138643/task/138643/ns’: Permission denied
find: ‘/proc/138643/fd’: Permission denied
find: ‘/proc/138643/map_files’: Permission denied
find: ‘/proc/138643/fdinfo’: Permission denied
find: ‘/proc/138643/ns’: Permission denied
find: ‘/proc/138671/task/138671/fd’: Permission denied
find: ‘/proc/138671/task/138671/fdinfo’: Permission denied
find: ‘/proc/138671/task/138671/ns’: Permission denied
find: ‘/proc/138671/fd’: Permission denied
find: ‘/proc/138671/map_files’: Permission denied
find: ‘/proc/138671/fdinfo’: Permission denied
find: ‘/proc/138671/ns’: Permission denied
find: ‘/proc/138701/task/138701/fd’: Permission denied
find: ‘/proc/138701/task/138701/fdinfo’: Permission denied
find: ‘/proc/138701/task/138701/ns’: Permission denied
find: ‘/proc/138701/fd’: Permission denied
find: ‘/proc/138701/map_files’: Permission denied
find: ‘/proc/138701/fdinfo’: Permission denied
find: ‘/proc/138701/ns’: Permission denied
find: ‘/proc/138771’: No such file or directory
find: ‘/proc/138772’: No such file or directory
find: ‘/proc/138780’: No such file or directory
find: ‘/usr/share/polkit-1/rules.d’: Permission denied
