Старков Савва 3343

vboxuser@vbox:~/Documents/Starkov_Savva_lb1$ date
Fri 07 Mar 2025 04:52:01 AM MSK
vboxuser@vbox:~/Documents/Starkov_Savva_lb1$ date && whoami
Fri 07 Mar 2025 04:52:37 AM MSK
vboxuser
vboxuser@vbox:~/Documents/Starkov_Savva_lb1$ date && lscpu
Fri 07 Mar 2025 04:52:45 AM MSK
Architecture:             x86_64
  CPU op-mode(s):         32-bit, 64-bit
  Address sizes:          48 bits physical, 48 bits virtual
  Byte Order:             Little Endian
CPU(s):                   6
  On-line CPU(s) list:    0-5
Vendor ID:                AuthenticAMD
  Model name:             AMD Ryzen 7 5800H with Radeon Graphics
    CPU family:           25
    Model:                80
    Thread(s) per core:   1
    Core(s) per socket:   6
    Socket(s):            1
    Stepping:             0
    BogoMIPS:             6387.77
    Flags:                fpu vme de pse tsc msr pae mce cx8 apic sep mtrr pge mca cmov pat pse36 clflush mmx fxsr sse sse2 ht syscall nx mm
                          xext fxsr_opt rdtscp lm constant_tsc rep_good nopl nonstop_tsc cpuid extd_apicid tsc_known_freq pni pclmulqdq ssse
                          3 cx16 sse4_1 sse4_2 movbe popcnt aes rdrand hypervisor lahf_lm cmp_legacy cr8_legacy abm sse4a misalignsse 3dnowp
                          refetch vmmcall fsgsbase bmi1 bmi2 invpcid rdseed adx clflushopt sha_ni arat
Virtualization features:  
  Hypervisor vendor:      KVM
  Virtualization type:    full
Caches (sum of all):      
  L1d:                    192 KiB (6 instances)
  L1i:                    192 KiB (6 instances)
  L2:                     3 MiB (6 instances)
  L3:                     96 MiB (6 instances)
NUMA:                     
  NUMA node(s):           1
  NUMA node0 CPU(s):      0-5
Vulnerabilities:          
  Gather data sampling:   Not affected
  Itlb multihit:          Not affected
  L1tf:                   Not affected
  Mds:                    Not affected
  Meltdown:               Not affected
  Mmio stale data:        Not affected
  Reg file data sampling: Not affected
  Retbleed:               Not affected
  Spec rstack overflow:   Mitigation; safe RET
  Spec store bypass:      Not affected
  Spectre v1:             Mitigation; usercopy/swapgs barriers and __user pointer sanitization
  Spectre v2:             Mitigation; Retpolines; STIBP disabled; RSB filling; PBRSB-eIBRS Not affected; BHI Not affected
  Srbds:                  Not affected
  Tsx async abort:        Not affected



vboxuser@vbox:~/Documents/Starkov_Savva_lb1$ date && systemd-detect-virt
Sun 09 Mar 2025 06:28:11 PM MSK
oracle


vboxuser@vbox:~/Documents/Starkov_Savva_lb1$ date && uname -a
Sun 09 Mar 2025 06:28:36 PM MSK
Linux vbox 6.1.0-31-amd64 #1 SMP PREEMPT_DYNAMIC Debian 6.1.128-1 (2025-02-07) x86_64 GNU/Linux


vboxuser@vbox:~/Documents/Starkov_Savva_lb1$ date && ls -l | grep '^-' | head -n 1
Sun 09 Mar 2025 06:32:27 PM MSK
-rwxr-xr-x 1 root     root     16296 Mar  7 01:54 gateway

vboxuser@vbox:/dev$ date && ls -l | grep '^b' | head -n 1
Sun 09 Mar 2025 06:33:37 PM MSK
brw-rw----  1 root     disk      7,   0 Mar  5 10:30 loop0

vboxuser@vbox:/$ date && ls -lR | grep '^c' | head -n 1
Sun 09 Mar 2025 06:33:57 PM MSK
crw-r--r--  1 root     root     10, 235 Mar  5 10:30 autofs

vboxuser@vbox:/$ date && ls -l | grep '^d' | head -n 1
Sun 09 Mar 2025 06:35:25 PM MSK
drwxr-xr-x   3 root root  4096 Feb 27 20:15 boot

vboxuser@vbox:/run$ date && ls -l | grep '^l' | head -n 1
Sun 09 Mar 2025 06:36:07 PM MSK
lrwxrwxrwx  1 root              root          8 Mar  5 10:30 shm -> /dev/shm

vboxuser@vbox:/run$ date && ls -l | grep '^p' | head -n 1
Sun 09 Mar 2025 06:36:29 PM MSK
prw-------  1 root              root          0 Mar  5 10:30 initctl

vboxuser@vbox:/run$ date && ls -l | grep '^s' | head -n 1
Sun 09 Mar 2025 06:36:58 PM MSK
srw-rw----  1 root              docker        0 Mar  5 10:30 docker.sock

1) 

vboxuser@vbox:~/Documents/Starkov_Savva_lb1$ date && bash task1.sh output.txt && cat output.txt
Sun 09 Mar 2025 06:38:34 PM MSK
Результаты сохранены в: output.txt
-rw-r--r-- 1 root root   259624 Jan  2 16:31 config-6.1.0-29-amd64 -/config-6.1.0-29-amd64
brw-rw----  1 root     disk      7,   0 Mar  5 10:30 loop0 -/loop0
crw-r--r--  1 root     root     10, 235 Mar  5 10:30 autofs -/autofs
drwxr-xr-x   3 root root  4096 Feb 27 20:15 boot -/boot
lrwxrwxrwx   1 root root     7 Feb 21 00:39 bin -> usr/bin -/usr/bin
prw-------  1 root              root          0 Mar  5 10:30 initctl -/initctl
srw-rw----  1 root              docker        0 Mar  5 10:30 docker.sock -/docker.sock

2) 

vboxuser@vbox:~/Documents/Starkov_Savva_lb1$ date && ln output.txt ./example/output.txt 
Sun 09 Mar 2025 06:49:48 PM MSK

vboxuser@vbox:~/Documents/Starkov_Savva_lb1$ date && bash task2.sh output.txt
Sun 09 Mar 2025 06:51:11 PM MSK
39960 -rw-r--r-- 2 vboxuser vboxuser   518 Mar  9 18:38 output.txt
39960 -rw-r--r-- 2 vboxuser vboxuser 518 Mar  9 18:38 output.txt
